                                       1

> R[4,4];
                 3  2          2
1/16 (8 Kn~[0, 0]  r  Kn~[0, 4]  - 4 Jbn[0, 4] Jbn[0, 0] Jn[0, 0]

                              2  4         2
    exp(-2 Bn[0, 0]) Kn~[0, 0]  r  Un[0, 0]  Kn~[0, 1]

                           4                   2                   3
     - 4 exp(-2 Bn[0, 0]) r  Va[0, 0] Ubn[0, 0]  Jn[1, 1] Kn~[0, 0]

                                                       4          3
     + 4 exp(-2 Bn[0, 0]) Un[0, 1] Un[0, 0] Ubn[0, 0] r  Kn~[0, 0]  Jbn[0, 2]

                           3                  2                    3
     - 8 exp(-2 Bn[0, 0]) r  Va[0, 0] Un[0, 0]  Jbn[0, 1] Kn~[0, 0]  + 8

                                        4  4
    Jbn[0, 0] exp(-2 Bn[0, 0]) Kn~[0, 0]  r  Ubn[0, 0] Un[0, 2] Un[0, 0]

                            2                   2
    Kn~[0, 1] - 2 Un[0, 0] r  Jbn[0, 0] Jn[0, 0]  Jbn[0, 2] Jbn[0, 4]

                                            2  4
     + 2 exp(-2 Bn[0, 0]) Ubn[0, 0] Un[0, 0]  r  Jn[0, 3] Jbn[0, 1]

                                                              4
     + 32 exp(2 Bn[0, 0]) Va[0, 0] Bn[0, 2] Bn[0, 3] Kn~[0, 0]

                                            2  4                             4
     - 2 exp(-2 Bn[0, 0]) Ubn[0, 0] Un[0, 0]  r  Jn[0, 3] Jbn[0, 1] Kn~[0, 0]

                           4                                      4
     - 8 exp(-2 Bn[0, 0]) r  Va[0, 0] Un[0, 1] Ubn[0, 1] Kn~[0, 0]

                           4                                       4
     + 8 exp(-2 Bn[0, 0]) r  Ubn[0, 0] Un[0, 1] Ubn[0, 2] Kn~[0, 0]

                                               4                   4
     + 4 exp(-2 Bn[0, 0]) Ubn[0, 1] Ubn[0, 0] r  Un[0, 2] Kn~[0, 0]

                            3                                       4
     + 16 exp(-2 Bn[0, 0]) r  Ubn[0, 0] Un[0, 0] Ubn[0, 2] Kn~[0, 0]

                           4                                                4
     - 4 exp(-2 Bn[0, 0]) r  Un[0, 0] Ubn[0, 0] Jn[0, 4] Jbn[0, 1] Kn~[0, 0]

                            3                                      4
     + 16 exp(-2 Bn[0, 0]) r  Un[0, 0] Ubn[0, 0] Un[0, 3] Kn~[0, 0]

                                            2  4
     + 2 exp(-2 Bn[0, 0]) Ubn[0, 0] Un[0, 0]  r  Jn[0, 1] Jbn[0, 3]

                           4
     + 4 exp(-2 Bn[0, 0]) r  Un[0, 0] Ubn[0, 0] Jn[0, 4] Jbn[0, 1]

                           4
     + 4 exp(-2 Bn[0, 0]) r  Un[0, 0] Ubn[0, 0] Jn[0, 1] Jbn[0, 4]

                           4         2                    4
     + 8 exp(-2 Bn[0, 0]) r  Un[0, 0]  Ubn[1, 3] Kn~[0, 0]

                    2                    3
     + 12 Un[0, 0] r  Jbn[0, 2] Kn~[0, 0]  Kn~[0, 4] +

                                          3  4         2
    8 Jbn[0, 0] exp(-2 Bn[0, 0]) Kn~[0, 0]  r  Un[0, 0]  Kn~[0, 1] Kn~[0, 4]

                   3  2
     - 16 Kn~[0, 0]  r  Un[0, 0] Bn[0, 3] Ubn[0, 0] Bn[0, 2]

                           4                            2          3
     + 2 exp(-2 Bn[0, 0]) r  Un[0, 1] Jn[0, 3] Ubn[0, 0]  Kn~[0, 0]

                                                    3
     - 8 exp(2 Bn[0, 0]) Bn[0, 2] Va[0, 0] Kn~[0, 0]  Jbn[0, 2]

                              2          3
     - 16 Va[0, 0] Ubn[0, 0] r  Kn~[0, 0]  Bn[1, 2]

                                             2  4          3
     + 6 exp(-2 Bn[0, 0]) Ubn[0, 1] Ubn[0, 0]  r  Kn~[0, 0]  Jn[0, 2]

                  5  2         2
     + 2 Kn~[0, 0]  r  Un[0, 3]

                           4                   2                   3
     - 4 exp(-2 Bn[0, 0]) r  Va[0, 1] Ubn[0, 0]  Jn[0, 1] Kn~[0, 0]

                                   3  6
     + 4 exp(-4 Bn[0, 0]) Kn~[0, 0]  r  Un[0, 0] Ubn[0, 1] Ubn[0, 0] Un[0, 1]

                           4         2                             3
     + 4 exp(-2 Bn[0, 0]) r  Un[0, 0]  Jbn[0, 1] Un[0, 3] Kn~[0, 0]  - 2

                                                 2  4         3
    Jn[0, 0] Jbn[0, 0] exp(-2 Bn[0, 0]) Kn~[0, 0]  r  Un[0, 0]  Jbn[0, 1]

                   2                                      4
    Kn~[0, 3] + 4 r  Ubn[0, 0] Jn[0, 3] Un[0, 3] Kn~[0, 0]

          2                                      4
     - 6 r  Jbn[0, 2] Un[0, 0] Un[0, 3] Kn~[0, 0]

                  2           2                   4
     - 4 Ubn[0, 0]  Jn[0, 3] r  Bn[0, 2] Kn~[0, 0]

                                                2                   2
     + 4 Jbn[0, 0] Jbn[0, 1] Jn[0, 0] Va[0, 2] r  Un[0, 0] Kn~[0, 0]

          2                             3
     - 8 r  Ubn[0, 0] Va[1, 2] Kn~[0, 0]  - 4 Jn[0, 0] Jbn[0, 0]

                              2  4         2
    exp(-2 Bn[0, 0]) Kn~[0, 0]  r  Un[0, 0]  Jbn[0, 1] Kn~[0, 4]

                           2          3
     + Ubn[0, 0] Un[0, 0] r  Kn~[0, 0]  Jn[0, 3] Jbn[0, 2] + 16 Jbn[0, 0]

                              3  4
    exp(-2 Bn[0, 0]) Kn~[0, 0]  r  Bn[0, 1] Va[0, 0] Un[0, 0] Un[0, 1]

                                     3                                      3
     + 8 Jbn[0, 0] exp(-2 Bn[0, 0]) r  Ubn[0, 0] Un[0, 0] Un[0, 2] Kn~[0, 0]

                                     4                                      3
     + 8 Jbn[0, 0] exp(-2 Bn[0, 0]) r  Ubn[0, 0] Un[0, 0] Un[1, 2] Kn~[0, 0]

                                                    3
     - 8 exp(2 Bn[0, 0]) Va[0, 0] Bn[0, 3] Kn~[0, 0]  Jn[0, 3]

                            2          3
     - 8 Va[0, 0] Bn[0, 1] r  Kn~[0, 0]  Ubn[0, 2] + 2 Jbn[0, 4] Jbn[0, 0]

            2                             4         2
    Jn[0, 0]  exp(-2 Bn[0, 0]) Kn~[0, 0] r  Un[0, 0]  Jbn[0, 1]

          2                                       4
     + 4 r  Jbn[0, 2] Un[0, 0] Ubn[0, 2] Kn~[0, 0]

                           4                   3          3
     + 4 exp(-2 Bn[0, 0]) r  Jn[1, 2] Ubn[0, 0]  Kn~[0, 0]

                                   3           3          2
     - 8 exp(-2 Bn[0, 0]) Kn~[0, 0]  Va[0, 0] r  Ubn[0, 0]  Jn[0, 1]

                             2          2
     - 8 Jbn[0, 0] Un[0, 0] r  Kn~[0, 0]  Kn~[0, 2] Kn~[0, 4]

          2                                       2
     - 2 r  Ubn[0, 0] Un[0, 2] Jbn[0, 2] Kn~[0, 0]

                                  3  4          3
     + 4 exp(-2 Bn[0, 0]) Un[0, 0]  r  Kn~[0, 0]  Jbn[1, 3]

                                              4                    4
     + 4 exp(-2 Bn[0, 0]) Ubn[0, 1] Un[0, 0] r  Ubn[0, 2] Kn~[0, 0]

                                            2  4                             4
     - 2 exp(-2 Bn[0, 0]) Ubn[0, 0] Un[0, 0]  r  Jn[0, 1] Jbn[0, 3] Kn~[0, 0]

                           4                                      4
     + 4 exp(-2 Bn[0, 0]) r  Un[0, 1] Ubn[0, 0] Un[0, 3] Kn~[0, 0]

                                   2  4                   4
     + 8 exp(-2 Bn[0, 0]) Ubn[0, 0]  r  Un[1, 2] Kn~[0, 0]

                  4  2
     - 8 Kn~[0, 0]  r  Ubn[0, 0] Un[0, 3] Kn~[0, 2]

                                   2  4         3
     - 2 exp(-2 Bn[0, 0]) Kn~[0, 0]  r  Un[0, 0]  Jbn[0, 1] Kn~[0, 3]

                                    6                   2                    4
     - 4 Jn[0, 0] exp(-4 Bn[0, 0]) r  Un[0, 0] Ubn[0, 1]  Ubn[0, 0] Kn~[0, 0]

                                    4          2                             4
     - 4 Jn[0, 0] exp(-2 Bn[0, 0]) r  Ubn[0, 0]  Un[0, 2] Jbn[0, 1] Kn~[0, 0]

                                    4          2                             4
     - 2 Jn[0, 0] exp(-2 Bn[0, 0]) r  Ubn[0, 0]  Ubn[0, 3] Jn[0, 1] Kn~[0, 0]

                                    4
     - 4 Jn[0, 0] exp(-2 Bn[0, 0]) r  Va[0, 0] Un[0, 0] Ubn[0, 0] Jbn[1, 1]

             2              3           2
    Kn~[0, 0]  + 4 Kn~[0, 0]  Va[0, 2] r  Ubn[0, 1]

                   2
     + 2 Jn[0, 3] r  Un[0, 0] Ubn[0, 0] Kn~[0, 0] Kn~[0, 3]

                   2                             3
     - 2 Jn[0, 3] r  Un[0, 0] Ubn[0, 0] Kn~[0, 0]  Kn~[0, 3]

           2                    3
     + 16 r  Ubn[0, 0] Kn~[0, 0]  Bn[2, 4]

                    2          3
     + 16 Bn[0, 4] r  Kn~[0, 0]  Un[0, 3]

                                   5  6          2         2
     - 2 exp(-4 Bn[0, 0]) Kn~[0, 0]  r  Ubn[0, 0]  Un[0, 1]

                                           3
     - 4 exp(2 Bn[0, 0]) Va[0, 2] Kn~[0, 0]  Jbn[0, 2]

          2                   3                         2          3
     - 4 r  Va[0, 1] Kn~[0, 0]  Ubn[0, 2] - 8 Un[0, 0] r  Kn~[0, 0]  Va[1, 3]

                           4                                      4
     + 8 exp(-2 Bn[0, 0]) r  Un[0, 0] Ubn[0, 1] Un[0, 3] Kn~[0, 0]  + 4

                      4
    exp(-2 Bn[0, 0]) r  Va[0, 0] Un[0, 0] Ubn[0, 0] Jn[0, 1] Jbn[0, 1]

             4                       4                                      4
    Kn~[0, 0]  + 4 exp(-2 Bn[0, 0]) r  Un[0, 0] Ubn[0, 3] Un[0, 1] Kn~[0, 0]

                            3                                      4
     - 16 exp(-2 Bn[0, 0]) r  Va[0, 1] Un[0, 0] Ubn[0, 0] Kn~[0, 0]

                            4                                               4
     + 16 exp(-2 Bn[0, 0]) r  Bn[0, 1] Va[0, 0] Ubn[0, 0] Un[0, 1] Kn~[0, 0]

                           4                                       4
     + 8 exp(-2 Bn[0, 0]) r  Ubn[0, 0] Un[0, 0] Ubn[1, 2] Kn~[0, 0]

                            4                                               4
     + 16 exp(-2 Bn[0, 0]) r  Bn[0, 1] Va[0, 0] Un[0, 0] Ubn[0, 1] Kn~[0, 0]

                           4                                                4
     - 4 exp(-2 Bn[0, 0]) r  Un[0, 0] Ubn[0, 0] Jn[0, 1] Jbn[0, 4] Kn~[0, 0]

                            3                                      4
     - 32 exp(-2 Bn[0, 0]) r  Va[0, 0] Ubn[0, 0] Un[0, 1] Kn~[0, 0]

                           4                   2                             4
     - 2 exp(-2 Bn[0, 0]) r  Un[0, 0] Ubn[0, 0]  Jn[0, 2] Jbn[0, 1] Kn~[0, 0]

                           4                   2          3
     + 8 exp(-2 Bn[0, 0]) r  Jbn[1, 4] Un[0, 0]  Kn~[0, 0]

                   2          3                2                  2          3
     - 4 Va[0, 1] r  Kn~[0, 0]  Un[0, 3] + 16 r  Bn[1, 1] Va[0, 0]  Kn~[0, 0]

                  3           2
     - 8 Kn~[0, 0]  Va[0, 0] r  Ubn[0, 1] Bn[0, 2]

                                    4          2                             2
     - 2 Jn[0, 0] exp(-2 Bn[0, 0]) r  Ubn[0, 0]  Ubn[0, 3] Jn[0, 1] Kn~[0, 0]

                                    3                   2          3
     - 8 Jn[0, 0] exp(-2 Bn[0, 0]) r  Va[0, 1] Ubn[0, 0]  Kn~[0, 0]

                                   5  4          2
     - 2 exp(-2 Bn[0, 0]) Kn~[0, 0]  r  Ubn[0, 0]  Jn[0, 1] Un[0, 3]

          2                   2          3
     - 2 r  Jbn[0, 3] Un[0, 0]  Kn~[0, 0]  Kn~[0, 2]

          2                                      4
     + 2 r  Un[0, 0] Ubn[0, 0] Jn[3, 3] Kn~[0, 0]

                                     3                  2          3
     - 8 Jbn[0, 0] exp(-2 Bn[0, 0]) r  Va[0, 1] Un[0, 0]  Kn~[0, 0]

                                      3         2                   3
     + 12 Jbn[0, 0] exp(-2 Bn[0, 0]) r  Un[0, 0]  Un[0, 3] Kn~[0, 0]

                                                     2          3
     - 16 Jbn[0, 0] exp(2 Bn[0, 0]) Va[0, 0] Bn[0, 2]  Kn~[0, 0]  - 8

                                        3  4
    Jbn[0, 0] exp(-2 Bn[0, 0]) Kn~[0, 0]  r  Ubn[0, 0] Bn[0, 2] Un[0, 0]

    Un[0, 1]

                                             3  4         2
     - 8 Jbn[0, 0] exp(-2 Bn[0, 0]) Kn~[0, 0]  r  Un[0, 0]  Bn[0, 3] Un[0, 1]

                                            2  4          3
     + 8 Jbn[0, 0] exp(-2 Bn[0, 0]) Un[0, 0]  r  Kn~[0, 0]  Un[1, 3]

                                     4                            3
     + 8 Jbn[0, 0] exp(-2 Bn[0, 0]) r  Un[0, 0] Un[1, 4] Kn~[0, 0]

                                   4  4          2
     + 4 exp(-2 Bn[0, 0]) Kn~[0, 0]  r  Ubn[0, 0]  Jn[0, 4] Kn~[0, 1]

                                       2         2                   2
     + 4 Jbn[0, 3] Jbn[0, 0] Jn[0, 0] r  Un[0, 0]  Bn[0, 2] Kn~[0, 0]  +

                                4         3
    exp(-2 Bn[0, 0]) Kn~[0, 0] r  Un[0, 0]  Jbn[0, 1] Jbn[0, 3] Jbn[0, 0]

            2      2                    5
    Jn[0, 0]  - 8 r  Ubn[0, 0] Kn~[0, 0]  Un[2, 3]

                  3
     + 8 Kn~[0, 0]  Va[0, 3] r Un[0, 0] +

                                          4  4         2
    4 Jbn[0, 0] exp(-2 Bn[0, 0]) Kn~[0, 0]  r  Un[0, 0]  Ubn[0, 2] Kn~[0, 1]

                                             4  4         2
     - 4 Jbn[0, 0] exp(-2 Bn[0, 0]) Kn~[0, 0]  r  Un[0, 0]  Un[0, 3] Kn~[0, 1]

     -

                                          3                  2  4          2
    4 Jbn[0, 0] exp(-2 Bn[0, 0]) Kn~[0, 0]  Va[0, 0] Un[0, 0]  r  Kn~[0, 1]

                  3  2
     + 8 Kn~[0, 0]  r  Un[0, 0] Bn[0, 3] Un[0, 3]

                              2          3
     - 16 Bn[0, 1] Ubn[0, 0] r  Kn~[0, 0]  Va[0, 2]

                           3                   2          3
     + 8 exp(-2 Bn[0, 0]) r  Jn[0, 4] Ubn[0, 0]  Kn~[0, 0]  - 8 Jn[0, 0]

                      4                                       3
    exp(-2 Bn[0, 0]) r  Un[0, 0] Ubn[0, 0] Jbn[0, 1] Kn~[0, 0]  Kn~[0, 4]

                  3  2          2         2
     - 8 Kn~[0, 0]  r  Ubn[0, 0]  Bn[0, 2]

                                           3
     + 4 exp(2 Bn[0, 0]) Va[0, 3] Kn~[0, 0]  Kn~[0, 2]

                                      2          2
     - 2 Jn[0, 0] Ubn[0, 0] Un[0, 0] r  Kn~[0, 0]  Jbn[0, 2] Kn~[0, 3]

                                     2  2
     - 8 Jn[0, 0] Jbn[0, 4] Kn~[0, 0]  r  Kn~[0, 4]

                                           3
     - 4 exp(2 Bn[0, 0]) Va[0, 3] Kn~[0, 0]  Jn[0, 3]

          2                                                4
     + 8 r  Ubn[0, 0] Bn[0, 2] Jbn[0, 2] Un[0, 0] Kn~[0, 0]

          2                                     3
     - 8 r  Un[0, 1] Va[0, 0] Bn[0, 3] Kn~[0, 0]

          2          4
     - 8 r  Kn~[0, 0]  Un[0, 3] Kn~[0, 4]

          2          4
     + 8 r  Kn~[0, 0]  Ubn[0, 2] Kn~[0, 4]

                   2                    2      2                             2
     - 4 Un[0, 0] r  Jbn[2, 4] Kn~[0, 0]  - 4 r  Jn[0, 4] Ubn[0, 3] Kn~[0, 0]

          2                             2                2                   2
     - 4 r  Jbn[0, 4] Un[0, 2] Kn~[0, 0]  - 4 Ubn[0, 0] r  Jn[3, 4] Kn~[0, 0]

                           4                             4
     + 8 exp(-2 Bn[0, 0]) r  Ubn[0, 0] Un[1, 4] Kn~[0, 0]

                           4         2                             4
     - 8 exp(-2 Bn[0, 0]) r  Un[0, 0]  Bn[0, 3] Ubn[0, 1] Kn~[0, 0]

                                              4                   4
     + 8 exp(-2 Bn[0, 0]) Ubn[0, 0] Un[0, 0] r  Un[1, 3] Kn~[0, 0]

                           4                                      4
     - 8 exp(-2 Bn[0, 0]) r  Va[0, 0] Un[0, 0] Ubn[1, 1] Kn~[0, 0]

                           3          2                   4
     + 8 exp(-2 Bn[0, 0]) r  Ubn[0, 0]  Un[0, 2] Kn~[0, 0]

                           4                   2
     + 2 exp(-2 Bn[0, 0]) r  Un[0, 0] Ubn[0, 0]  Jn[0, 2] Jbn[0, 1] -

                                                2  4                    2
    exp(-2 Bn[0, 0]) Kn~[0, 0] Va[0, 0] Un[0, 0]  r  Jbn[0, 0] Jbn[0, 1]

            2                                   2                   2
    Jn[0, 0]  - 4 Jbn[0, 4] Jbn[0, 0] Jn[0, 0] r  Un[0, 2] Kn~[0, 0]

                                                2
     + 4 Jbn[0, 4] Jbn[0, 0] Jn[0, 0] Un[0, 0] r  Kn~[0, 0] Kn~[0, 2]

                                            2  3          3
     + 4 Jbn[0, 0] exp(-2 Bn[0, 0]) Un[0, 0]  r  Kn~[0, 0]  Ubn[0, 2]

                  2                     2                   2
     + 2 Jbn[0, 0]  Ubn[0, 0] Un[0, 0] r  Jn[2, 2] Kn~[0, 0]

                           4          2                   3
     + 4 exp(-2 Bn[0, 0]) r  Ubn[0, 0]  Un[0, 2] Kn~[0, 0]  Kn~[0, 1]

                                   4  4                   2
     + 2 exp(-2 Bn[0, 0]) Kn~[0, 0]  r  Un[0, 0] Ubn[0, 0]  Jn[0, 3] Kn~[0, 1]

                                              4                    3
     + 4 exp(-2 Bn[0, 0]) Ubn[0, 0] Un[0, 0] r  Ubn[0, 2] Kn~[0, 0]  Kn~[0, 1]

                                   2  4          2
     - 4 exp(-2 Bn[0, 0]) Kn~[0, 0]  r  Ubn[0, 0]  Jn[0, 4] Kn~[0, 1]

                           4         2                    3
     + 4 exp(-2 Bn[0, 0]) r  Un[0, 0]  Ubn[0, 3] Kn~[0, 0]  Kn~[0, 1]

                                   2  4                   2
     - 2 exp(-2 Bn[0, 0]) Kn~[0, 0]  r  Un[0, 0] Ubn[0, 0]  Jn[0, 3] Kn~[0, 1]

                                   2  4         3
     - 2 exp(-2 Bn[0, 0]) Kn~[0, 0]  r  Un[0, 0]  Jbn[0, 3] Kn~[0, 1]

                  3  2         2              3  2          2
     - 4 Kn~[0, 0]  r  Un[0, 3]  - 4 Kn~[0, 0]  r  Ubn[0, 2]

                                                    3
     + 8 exp(2 Bn[0, 0]) Va[0, 0] Bn[0, 3] Kn~[0, 0]  Kn~[0, 2]

                            2                                      4
     - 16 exp(-2 Bn[0, 0]) r  Va[0, 0] Un[0, 0] Ubn[0, 0] Kn~[0, 0]

                            4                                      4
     - 16 exp(-2 Bn[0, 0]) r  Ubn[0, 0] Bn[0, 4] Un[0, 1] Kn~[0, 0]

                            4                                      4
     - 16 exp(-2 Bn[0, 0]) r  Un[0, 0] Bn[0, 4] Ubn[0, 1] Kn~[0, 0]

                           4                                               4
     - 8 exp(-2 Bn[0, 0]) r  Un[0, 0] Bn[0, 3] Ubn[0, 0] Un[0, 1] Kn~[0, 0]

                           4                                      4
     - 8 exp(-2 Bn[0, 0]) r  Va[0, 0] Ubn[0, 0] Un[1, 1] Kn~[0, 0]

                           4                   2                             4
     - 2 exp(-2 Bn[0, 0]) r  Un[0, 0] Ubn[0, 0]  Jn[0, 1] Jbn[0, 2] Kn~[0, 0]

                           4                                                4
     - 8 exp(-2 Bn[0, 0]) r  Ubn[0, 0] Bn[0, 2] Un[0, 0] Ubn[0, 1] Kn~[0, 0]

                            3                                      4
     - 32 exp(-2 Bn[0, 0]) r  Va[0, 0] Un[0, 0] Ubn[0, 1] Kn~[0, 0]

                           4          2                            4
     - 8 exp(-2 Bn[0, 0]) r  Ubn[0, 0]  Bn[0, 2] Un[0, 1] Kn~[0, 0]

                           4
     - 4 exp(-2 Bn[0, 0]) r  Va[0, 0] Un[0, 0] Ubn[0, 0] Jn[0, 1] Jbn[0, 1]

          2          3
     - 8 r  Kn~[0, 0]  Ubn[2, 4]

                  2           2                   2
     + 4 Jbn[0, 0]  Un[0, 0] r  Jn[2, 4] Kn~[0, 0]

                                              3  4
     - 16 Jbn[0, 0] exp(-2 Bn[0, 0]) Kn~[0, 0]  r  Un[0, 0] Bn[0, 4] Un[0, 1]

                   3                         5  2          2
     + 16 Kn~[0, 0]  r Va[0, 4] + 2 Kn~[0, 0]  r  Ubn[0, 2]

                           4          2                             5
     + 2 exp(-2 Bn[0, 0]) r  Ubn[0, 0]  Jn[0, 1] Ubn[0, 2] Kn~[0, 0]

                             2                    2
     + 2 Ubn[0, 0] Jn[0, 3] r  Ubn[0, 2] Kn~[0, 0]  +

                        4                   2          4
    8 exp(-2 Bn[0, 0]) r  Un[0, 0] Ubn[0, 0]  Kn~[0, 0]  Kn~[0, 1] Kn~[0, 2]

          2                                      2
     - 2 r  Un[0, 0] Ubn[0, 3] Jn[0, 3] Kn~[0, 0]

                   2                             2
     + 4 Va[0, 2] r  Jbn[0, 1] Un[0, 0] Kn~[0, 0]  + 8 Jn[0, 0]

                      4
    exp(-2 Bn[0, 0]) r  Un[0, 0] Ubn[0, 0] Jbn[0, 1] Kn~[0, 0] Kn~[0, 4] +

                                4         2
    exp(-2 Bn[0, 0]) Kn~[0, 0] r  Un[0, 0]  Ubn[0, 0] Jbn[0, 1] Jbn[0, 2]

                      2               2          3
    Jbn[0, 0] Jn[0, 0]  - 4 Un[0, 0] r  Kn~[0, 0]  Jn[0, 4] Jbn[0, 3]

                           4                                       3
     + 8 exp(-2 Bn[0, 0]) r  Jn[0, 4] Ubn[0, 0] Ubn[0, 1] Kn~[0, 0]

                                  3  3          3
     + 4 exp(-2 Bn[0, 0]) Un[0, 0]  r  Kn~[0, 0]  Jbn[0, 3]

          2
     + 4 r  Ubn[0, 0] Jn[0, 4] Kn~[0, 0] Kn~[0, 3]

                           4          2                   5
     + 4 exp(-2 Bn[0, 0]) r  Ubn[0, 0]  Un[0, 2] Kn~[0, 0]  Kn~[0, 1]

                                     4         2                             2
     - 2 Jbn[0, 0] exp(-2 Bn[0, 0]) r  Un[0, 0]  Un[0, 2] Jbn[0, 1] Kn~[0, 0]

                                     4                            3
     + 4 Jbn[0, 0] exp(-2 Bn[0, 0]) r  Un[0, 0] Un[0, 1] Kn~[0, 0]  Ubn[0, 2]

                                            2           4                    2
     + 4 Jn[0, 0] exp(-2 Bn[0, 0]) Ubn[0, 0]  Un[0, 0] r  Jbn[1, 2] Kn~[0, 0]

                                   3  4
     + 4 exp(-2 Bn[0, 0]) Kn~[0, 0]  r  Ubn[0, 0] Un[0, 2] Jbn[0, 1] Un[0, 0]

                           4                             2          3
     + 2 exp(-2 Bn[0, 0]) r  Ubn[0, 1] Jbn[0, 2] Un[0, 0]  Kn~[0, 0]

                                                    4
     + 8 exp(2 Bn[0, 0]) Va[0, 2] Bn[0, 3] Kn~[0, 0]

                   2                    4                                4
     - 4 Un[0, 0] r  Jbn[2, 4] Kn~[0, 0]  + 4 Jn[0, 0] exp(-2 Bn[0, 0]) r

                      2
    Un[0, 0] Ubn[0, 0]  Jbn[0, 1] Kn~[0, 0] Kn~[0, 2]

          2                                               4
     + 8 r  Un[0, 0] Jn[0, 3] Ubn[0, 0] Bn[0, 3] Kn~[0, 0]

                   2                             4
     + 4 Va[0, 3] r  Jn[0, 1] Ubn[0, 0] Kn~[0, 0]  + 4 Jn[0, 0]

                                       2  4
    exp(-2 Bn[0, 0]) Ubn[0, 0] Un[0, 0]  r  Jbn[0, 1] Kn~[0, 0] Kn~[0, 3] - 4

                                                2  4                    3
    Jn[0, 0] exp(-2 Bn[0, 0]) Ubn[0, 0] Un[0, 0]  r  Jbn[0, 1] Kn~[0, 0]

    Kn~[0, 3]

                                             4                  2  4
     + 4 Jbn[0, 1] exp(-2 Bn[0, 0]) Kn~[0, 0]  Va[0, 0] Un[0, 0]  r  Kn~[0, 1]

                                   4  4          3
     + 2 exp(-2 Bn[0, 0]) Kn~[0, 0]  r  Ubn[0, 0]  Jn[0, 2] Kn~[0, 1]

                                   4  4         2
     - 4 exp(-2 Bn[0, 0]) Kn~[0, 0]  r  Un[0, 0]  Jbn[0, 4] Kn~[0, 1]

                  4          2                   4
     - 8 Kn~[0, 0]  Kn~[0, 1]  exp(-2 Bn[0, 0]) r  Va[0, 0] Un[0, 0] Ubn[0, 0]

                  2          2                   4
     + 8 Kn~[0, 0]  Kn~[0, 1]  exp(-2 Bn[0, 0]) r  Va[0, 0] Un[0, 0] Ubn[0, 0]

                                    4         2                              2
     + 4 Jn[0, 0] exp(-2 Bn[0, 0]) r  Un[0, 0]  Ubn[0, 0] Jbn[1, 3] Kn~[0, 0]

                                    2                   2          3
     - 8 Jn[0, 0] exp(-2 Bn[0, 0]) r  Va[0, 0] Ubn[0, 0]  Kn~[0, 0]

                                     6         2                             4
     - 4 Jbn[0, 0] exp(-4 Bn[0, 0]) r  Un[0, 0]  Ubn[0, 1] Un[0, 1] Kn~[0, 0]

                  4  2         2
     + 8 Kn~[0, 0]  r  Un[0, 0]  Bn[0, 3] Kn~[0, 3]

                                                    4
     + 8 exp(2 Bn[0, 0]) Bn[0, 2] Va[0, 3] Kn~[0, 0]

                           4                                      3
     + 4 exp(-2 Bn[0, 0]) r  Un[0, 0] Un[0, 3] Ubn[0, 0] Kn~[0, 0]  Kn~[0, 1]

                           4         2                    5
     - 4 exp(-2 Bn[0, 0]) r  Un[0, 0]  Ubn[0, 3] Kn~[0, 0]  Kn~[0, 1]

                                   2  4          3
     - 2 exp(-2 Bn[0, 0]) Kn~[0, 0]  r  Ubn[0, 0]  Jn[0, 2] Kn~[0, 1]

                                     3                             3
     - 16 exp(-2 Bn[0, 0]) Va[0, 0] r  Un[0, 0] Ubn[0, 0] Kn~[0, 0]  Kn~[0, 1]

                                             3  4         2
     + 4 Jbn[0, 0] exp(-2 Bn[0, 0]) Kn~[0, 0]  r  Un[0, 0]  Ubn[0, 0]

    Kn~[0, 1] Kn~[0, 2]

                                   5  4         2
     - 2 exp(-2 Bn[0, 0]) Kn~[0, 0]  r  Un[0, 0]  Jbn[0, 1] Ubn[0, 2]

                    2                             2          2
     - 4 Jbn[0, 0] r  Un[0, 0] Ubn[0, 0] Kn~[0, 0]  Kn~[0, 2]

                    2                            3
     - 4 Jbn[0, 0] r  Un[0, 0] Un[0, 3] Kn~[0, 0]  Kn~[0, 2] -

                        4         2                    2
    8 exp(-2 Bn[0, 0]) r  Un[0, 0]  Ubn[0, 0] Kn~[0, 0]  Kn~[0, 1] Kn~[0, 3]

                           4                             4
     + 8 exp(-2 Bn[0, 0]) r  Un[0, 0] Ubn[1, 4] Kn~[0, 0]

                                  2  3                    4
     + 8 exp(-2 Bn[0, 0]) Un[0, 0]  r  Ubn[0, 3] Kn~[0, 0]

                           4                   2
     + 2 exp(-2 Bn[0, 0]) r  Un[0, 0] Ubn[0, 0]  Jn[0, 1] Jbn[0, 2]

                                  2            4          3
     + 4 exp(-2 Bn[0, 0]) Un[0, 0]  Ubn[0, 0] r  Kn~[0, 0]  Jbn[1, 2]

                                      2
     + 4 Jn[0, 0] Jbn[0, 0] Un[0, 0] r  Jbn[0, 2] Kn~[0, 0] Kn~[0, 4]

          2                                      4
     - 8 r  Un[0, 0] Un[0, 2] Jbn[0, 3] Kn~[0, 0]

                             2                    4
     + 2 Ubn[0, 0] Un[0, 0] r  Jbn[2, 2] Kn~[0, 0]

          2                                      2
     - 2 r  Un[0, 0] Ubn[0, 0] Jn[3, 3] Kn~[0, 0]

                    2                             3
     + 8 Jbn[0, 0] r  Un[0, 0] Ubn[0, 2] Kn~[0, 0]  Kn~[0, 2]

                              2                   3
     + 4 Jbn[0, 0] Ubn[0, 0] r  Un[0, 2] Kn~[0, 0]  Kn~[0, 2]

                   3  2
     + 16 Kn~[0, 0]  r  Bn[0, 1] Va[0, 0] Va[0, 1] + 3 Jn[0, 0]

                              3  4         2
    exp(-2 Bn[0, 0]) Kn~[0, 0]  r  Un[0, 0]  Ubn[0, 0] Jbn[0, 2] Jbn[0, 1]

                                            4         3
     + Jn[0, 0] exp(-2 Bn[0, 0]) Kn~[0, 0] r  Un[0, 0]  Jbn[0, 3] Jbn[0, 1]

                                                       4          3
     + 8 Jn[0, 0] exp(-2 Bn[0, 0]) Ubn[0, 0] Un[0, 0] r  Kn~[0, 0]  Ubn[1, 3]

                                          3  4          3
     - Jn[0, 0] exp(-2 Bn[0, 0]) Kn~[0, 0]  r  Ubn[0, 0]  Jbn[0, 2] Jn[0, 1]

                                            3  4         2
     + 6 Jn[0, 0] exp(-2 Bn[0, 0]) Kn~[0, 0]  r  Un[0, 0]  Jbn[0, 4] Jbn[0, 1]

                                                             2  4
     + Jn[0, 0] exp(-2 Bn[0, 0]) Kn~[0, 0] Va[0, 0] Ubn[0, 0]  r  Jn[0, 1]

                             2          3
    Jbn[0, 1] - 4 Ubn[0, 0] r  Kn~[0, 0]  Jn[0, 2] Jbn[0, 4]

                 2  2                              2
     + 4 Jn[0, 0]  r  Ubn[0, 0] Jbn[3, 4] Kn~[0, 0]

        2                   2          2
     - r  Ubn[0, 0] Jn[0, 0]  Jbn[0, 2]  Un[0, 0] Jbn[0, 0] - 4 Jn[0, 0]

                                4         2                    3
    Jbn[0, 3] exp(-2 Bn[0, 0]) r  Un[0, 0]  Ubn[0, 0] Kn~[0, 0]  Kn~[0, 1]

                           4                                      3
     - 8 exp(-2 Bn[0, 0]) r  Va[0, 1] Un[0, 0] Ubn[0, 0] Kn~[0, 0]  Kn~[0, 1]

     -

                                2  4         2
    2 exp(-2 Bn[0, 0]) Kn~[0, 0]  r  Un[0, 0]  Ubn[0, 0] Jbn[0, 2] Kn~[0, 1]

                                    4                             3
     - 8 exp(-2 Bn[0, 0]) Va[0, 0] r  Un[0, 1] Ubn[0, 0] Kn~[0, 0]  Kn~[0, 1]

                                            4         2
     + Jn[0, 0] exp(-2 Bn[0, 0]) Kn~[0, 0] r  Un[0, 0]  Ubn[0, 0] Jbn[0, 2]

    Jbn[0, 1]

                                                       4          3
     + 4 Jn[0, 0] exp(-2 Bn[0, 0]) Ubn[0, 1] Un[0, 0] r  Kn~[0, 0]  Ubn[0, 3]

                                    4                                       2
     + 8 Jn[0, 0] exp(-2 Bn[0, 0]) r  Un[0, 0] Ubn[0, 0] Jbn[1, 4] Kn~[0, 0]

                                                            2  4          2
     - Jn[0, 0] exp(-2 Bn[0, 0]) Kn~[0, 0] Va[0, 0] Un[0, 0]  r  Jbn[0, 1]

                                                    3
     - 8 Jn[0, 0] exp(2 Bn[0, 0]) Bn[0, 3] Kn~[0, 0]  Va[0, 3]

                                            2  3          3
     + 4 Jn[0, 0] exp(-2 Bn[0, 0]) Ubn[0, 0]  r  Kn~[0, 0]  Un[0, 3]

                                            3                  2
     - 16 Jn[0, 0] exp(2 Bn[0, 0]) Kn~[0, 0]  Va[0, 0] Bn[0, 3]

                                    4                              3
     + 8 Jn[0, 0] exp(-2 Bn[0, 0]) r  Ubn[0, 0] Ubn[1, 4] Kn~[0, 0]

                                            3  4                   3
     - 2 Jn[0, 0] exp(-2 Bn[0, 0]) Kn~[0, 0]  r  Jn[0, 2] Ubn[0, 0]  Jbn[0, 1]

                                                       3          3
     + 8 Jn[0, 0] exp(-2 Bn[0, 0]) Ubn[0, 0] Un[0, 0] r  Kn~[0, 0]  Ubn[0, 3]

                                            3  4
     - 8 Jn[0, 0] exp(-2 Bn[0, 0]) Kn~[0, 0]  r  Un[0, 0] Bn[0, 3] Ubn[0, 0]

                                                     2  4          3
    Ubn[0, 1] + 8 Jn[0, 0] exp(-2 Bn[0, 0]) Ubn[0, 0]  r  Kn~[0, 0]  Ubn[1, 2]

                  3                            2                            3
     + 8 Kn~[0, 0]  Va[0, 2] r Ubn[0, 0] - 32 r  Bn[1, 4] Va[0, 0] Kn~[0, 0]

                  3  2         2         2
     - 8 Kn~[0, 0]  r  Un[0, 0]  Bn[0, 3]

           2                   3                        3           2
     + 16 r  Bn[0, 4] Kn~[0, 0]  Ubn[0, 2] + 4 Kn~[0, 0]  Va[0, 3] r  Un[0, 1]

          2                   3               2                            3
     - 4 r  Un[0, 0] Kn~[0, 0]  Un[3, 3] + 8 r  Va[0, 0] Va[1, 1] Kn~[0, 0]

          2                   5
     - 4 r  Un[0, 2] Kn~[0, 0]  Ubn[0, 3]

          2                    5
     + 4 r  Ubn[0, 0] Kn~[0, 0]  Ubn[2, 2]

                  5  2
     - 4 Kn~[0, 0]  r  Ubn[0, 2] Un[0, 3]

                    2          4
     - 16 Un[0, 0] r  Kn~[0, 0]  Ubn[0, 0] Bn[0, 2] Kn~[0, 3] + 4 Jn[0, 0]

                                4         2
    Jbn[0, 3] exp(-2 Bn[0, 0]) r  Un[0, 0]  Ubn[0, 0] Kn~[0, 0] Kn~[0, 1]

          2
     + 4 r  Un[0, 0] Jbn[0, 4] Kn~[0, 0] Kn~[0, 2]

                                             2                  2  4
     + 4 Jbn[0, 1] exp(-2 Bn[0, 0]) Kn~[0, 0]  Va[0, 0] Un[0, 0]  r  Kn~[0, 1]

     +

               2                   4         2                   3
    4 Jbn[0, 0]  exp(-2 Bn[0, 0]) r  Un[0, 0]  Un[0, 2] Kn~[0, 0]  Kn~[0, 1]

                                   5  6
     - 8 exp(-4 Bn[0, 0]) Kn~[0, 0]  r  Un[0, 0] Ubn[0, 1] Ubn[0, 0] Un[0, 1]

                           4                  2                    3
     - 4 exp(-2 Bn[0, 0]) r  Va[0, 1] Un[0, 0]  Jbn[0, 1] Kn~[0, 0]

                           3                   2          3
     + 8 exp(-2 Bn[0, 0]) r  Jbn[0, 4] Un[0, 0]  Kn~[0, 0]

                                   4  4         2
     - 4 exp(-2 Bn[0, 0]) Kn~[0, 0]  r  Un[0, 0]  Jbn[0, 1] Kn~[0, 4] -

                         4                             2
    16 exp(-2 Bn[0, 0]) r  Un[0, 0] Ubn[0, 0] Kn~[0, 0]  Kn~[0, 1] Kn~[0, 4]

          2                                       2
     - 4 r  Jbn[0, 2] Un[0, 0] Ubn[0, 2] Kn~[0, 0]

                                   5  4
     - 4 exp(-2 Bn[0, 0]) Kn~[0, 0]  r  Un[0, 0] Ubn[0, 3] Jn[0, 1] Ubn[0, 0]

                                                       4          3
     + 8 exp(-2 Bn[0, 0]) Un[0, 1] Ubn[0, 0] Un[0, 0] r  Kn~[0, 0]  Kn~[0, 3]

          2                   2                   2
     + 4 r  Jn[0, 2] Ubn[0, 0]  Bn[0, 3] Kn~[0, 0]

                           2
     - Ubn[0, 0] Un[0, 0] r  Kn~[0, 0] Jn[0, 2] Jbn[0, 3]

                                       2          3
     - 4 Jbn[0, 0] Ubn[0, 0] Un[0, 0] r  Kn~[0, 0]  Jn[2, 3]

                             2                   4
     - 4 Jbn[0, 0] Un[0, 2] r  Un[0, 3] Kn~[0, 0]

                   3
     - 16 Kn~[0, 0]  r Un[0, 0] Va[0, 0] Bn[0, 3] +

                        4         2                    4
    8 exp(-2 Bn[0, 0]) r  Un[0, 0]  Ubn[0, 0] Kn~[0, 0]  Kn~[0, 1] Kn~[0, 3]

                                                    3
     - 8 Jn[0, 0] exp(2 Bn[0, 0]) Va[0, 0] Kn~[0, 0]  Bn[3, 3]

                                            3                  2  4          2
     - 3 Jn[0, 0] exp(-2 Bn[0, 0]) Kn~[0, 0]  Va[0, 0] Un[0, 0]  r  Jbn[0, 1]

                                     3                                       3
     - 32 Jn[0, 0] exp(-2 Bn[0, 0]) r  Va[0, 0] Ubn[0, 0] Ubn[0, 1] Kn~[0, 0]

                                             3  4
     - 16 Jn[0, 0] exp(-2 Bn[0, 0]) Kn~[0, 0]  r  Ubn[0, 0] Bn[0, 4] Ubn[0, 1]

                                            4                   2
     - Jn[0, 0] exp(-2 Bn[0, 0]) Kn~[0, 0] r  Un[0, 0] Ubn[0, 0]  Jbn[0, 3]

    Jn[0, 1]

                                            3  4          2
     - 8 Jn[0, 0] exp(-2 Bn[0, 0]) Kn~[0, 0]  r  Ubn[0, 0]  Bn[0, 2] Ubn[0, 1]

                                          3  4                   2
     - Jn[0, 0] exp(-2 Bn[0, 0]) Kn~[0, 0]  r  Un[0, 0] Ubn[0, 0]  Jbn[0, 3]

                                            4                   2          3
    Jn[0, 1] - 4 Jn[0, 0] exp(-2 Bn[0, 0]) r  Va[0, 0] Ubn[0, 1]  Kn~[0, 0]

                                            3
     - 4 Jbn[0, 0] exp(2 Bn[0, 0]) Kn~[0, 0]  Va[2, 2]

                                   4  4         3
     - 2 exp(-2 Bn[0, 0]) Kn~[0, 0]  r  Un[0, 0]  Jbn[0, 1] Kn~[0, 3]

                                            2  3          3
     + 8 exp(-2 Bn[0, 0]) Ubn[0, 0] Un[0, 0]  r  Kn~[0, 0]  Kn~[0, 3]

                   4  2
     + 12 Kn~[0, 0]  r  Ubn[0, 0] Ubn[0, 2] Kn~[0, 2]

                  3  2
     + 4 Kn~[0, 0]  r  Un[0, 0] Ubn[0, 0] Kn~[0, 2] Kn~[0, 3]

                                            3  4         3
     + 3 Jn[0, 0] exp(-2 Bn[0, 0]) Kn~[0, 0]  r  Un[0, 0]  Jbn[0, 3] Jbn[0, 1]

                                    4                                        3
     + 8 Jn[0, 0] exp(-2 Bn[0, 0]) r  Ubn[0, 0] Ubn[0, 2] Ubn[0, 1] Kn~[0, 0]

                                    4                              3
     + 4 Jn[0, 0] exp(-2 Bn[0, 0]) r  Ubn[0, 0] Ubn[0, 1] Kn~[0, 0]  Un[0, 3]

                                            4          3
     - Jn[0, 0] exp(-2 Bn[0, 0]) Kn~[0, 0] r  Ubn[0, 0]  Jbn[0, 2] Jn[0, 1] -

                                         3  4                            2
    2 Jn[0, 0] exp(-2 Bn[0, 0]) Kn~[0, 0]  r  Un[0, 0] Jn[0, 3] Ubn[0, 0]

    Jbn[0, 1]

                                            3  4          2
     - 2 Jn[0, 0] exp(-2 Bn[0, 0]) Kn~[0, 0]  r  Ubn[0, 0]  Jbn[0, 4] Jn[0, 1]

                                             2  3          3
     + 12 Jn[0, 0] exp(-2 Bn[0, 0]) Ubn[0, 0]  r  Kn~[0, 0]  Ubn[0, 2]

                                              4          2
     - 2 Jn[0, 0] exp(-2 Bn[0, 0]) Kn~[0, 0] r  Ubn[0, 0]  Jbn[0, 4] Jn[0, 1]

                                            3  4          2
     - 4 Jn[0, 0] exp(-2 Bn[0, 0]) Kn~[0, 0]  r  Ubn[0, 0]  Jn[0, 4] Jbn[0, 1]

                                    4                                       3
     - 8 Jn[0, 0] exp(-2 Bn[0, 0]) r  Va[0, 0] Ubn[0, 0] Ubn[1, 1] Kn~[0, 0]

                                            3                   2  4
     + 3 Jn[0, 0] exp(-2 Bn[0, 0]) Kn~[0, 0]  Va[0, 0] Ubn[0, 0]  r  Jn[0, 1]

    Jbn[0, 1]

                                             2           4                   2
     + 4 Jbn[0, 0] exp(-2 Bn[0, 0]) Ubn[0, 0]  Un[0, 0] r  Jn[1, 2] Kn~[0, 0]

                                                      2  4                   2
     + 4 Jbn[0, 0] exp(-2 Bn[0, 0]) Ubn[0, 0] Un[0, 0]  r  Jn[1, 3] Kn~[0, 0]

                                     4
     - 4 Jbn[0, 0] exp(-2 Bn[0, 0]) r  Va[0, 0] Un[0, 0] Ubn[0, 0] Jn[1, 1]

             2
    Kn~[0, 0]

                                     4                                      2
     + 8 Jbn[0, 0] exp(-2 Bn[0, 0]) r  Un[0, 0] Ubn[0, 0] Jn[1, 4] Kn~[0, 0]

                                     4                                     3
     - 8 Jbn[0, 0] exp(-2 Bn[0, 0]) r  Va[0, 0] Un[0, 0] Un[1, 1] Kn~[0, 0]

                                                                2  4         3
     - 2 Jbn[0, 3] Jbn[0, 0] Jn[0, 0] exp(-2 Bn[0, 0]) Kn~[0, 0]  r  Un[0, 0]

                           2  2         2          3
    Kn~[0, 1] + 2 Jbn[0, 0]  r  Un[0, 2]  Kn~[0, 0]

                 2            2          2
     + 4 Jn[0, 0]  Kn~[0, 0] r  Jbn[0, 4]

                 2  2          2          3
     + 2 Jn[0, 0]  r  Ubn[0, 3]  Kn~[0, 0]

                                           3
     - 4 Jn[0, 0] exp(2 Bn[0, 0]) Kn~[0, 0]  Va[3, 3]

           2                                     3
     - 16 r  Un[0, 0] Va[0, 0] Bn[1, 3] Kn~[0, 0]

           2                                     3
     - 16 r  Un[0, 0] Bn[0, 1] Va[0, 3] Kn~[0, 0]

                           3                             2          3
     + 4 exp(-2 Bn[0, 0]) r  Ubn[0, 0] Jbn[0, 2] Un[0, 0]  Kn~[0, 0]

                    2                             4
     + 4 Jbn[0, 0] r  Ubn[0, 0] Un[2, 2] Kn~[0, 0]

                    2                             4
     + 4 Jbn[0, 0] r  Un[0, 0] Ubn[2, 2] Kn~[0, 0]

                    2         2          3
     + 2 Jbn[0, 0] r  Un[0, 0]  Kn~[0, 0]  Jbn[2, 2]

                    2                   2          3
     + 4 Jbn[0, 0] r  Jbn[0, 2] Un[0, 0]  Kn~[0, 0]  Bn[0, 2]

                            2  2          3
     + 2 Jbn[0, 0] Ubn[0, 0]  r  Kn~[0, 0]  Jn[2, 2]

          2                                       4
     + 6 r  Ubn[0, 0] Un[0, 2] Jbn[0, 2] Kn~[0, 0]

                   2                             4
     + 4 Va[0, 2] r  Jbn[0, 1] Un[0, 0] Kn~[0, 0]

                             2                    4
     - 6 Ubn[0, 0] Jn[0, 3] r  Ubn[0, 2] Kn~[0, 0]

          2                                      4
     + 6 r  Un[0, 0] Ubn[0, 3] Jn[0, 3] Kn~[0, 0]

                   3
     + 16 Kn~[0, 0]  r Va[0, 0] Va[0, 1] +

                                          3  4         3
    4 Jbn[0, 0] exp(-2 Bn[0, 0]) Kn~[0, 0]  r  Un[0, 0]  Kn~[0, 1] Kn~[0, 3]

                                                      2  4         2
     - 2 Jn[0, 0] Jbn[0, 0] exp(-2 Bn[0, 0]) Kn~[0, 0]  r  Un[0, 0]  Ubn[0, 0]

                             2                   5
    Jbn[0, 1] Kn~[0, 2] - 8 r  Un[0, 0] Kn~[0, 0]  Ubn[2, 3]

        2
     + r  Un[0, 0] Jn[0, 0] Jbn[0, 3] Jn[0, 3] Ubn[0, 0]

          2                   5
     + 4 r  Un[0, 0] Kn~[0, 0]  Un[3, 3] + 4 Jn[0, 0] Jbn[0, 2]

                      4                   2
    exp(-2 Bn[0, 0]) r  Un[0, 0] Ubn[0, 0]  Kn~[0, 0] Kn~[0, 1] - 4 Jn[0, 0]

                                4                   2          3
    Jbn[0, 2] exp(-2 Bn[0, 0]) r  Un[0, 0] Ubn[0, 0]  Kn~[0, 0]  Kn~[0, 1]

                                     2  2          2
     + 2 Jn[0, 0] Jbn[0, 2] Kn~[0, 0]  r  Ubn[0, 0]  Kn~[0, 2]

                    2         2                   3
     - 8 Jbn[0, 0] r  Un[0, 0]  Bn[0, 2] Kn~[0, 0]  Kn~[0, 3]

                 3  2
     - 2 Jn[0, 0]  r  Ubn[0, 0] Jbn[0, 3] Jbn[0, 4]

                 2            2
     + 2 Jn[0, 0]  Kn~[0, 0] r  Un[0, 0] Jbn[0, 3] Ubn[0, 0] Jbn[0, 2]

                 2  2          2                             2
     - 4 Jn[0, 0]  r  Ubn[0, 0]  Jbn[0, 2] Bn[0, 3] Kn~[0, 0]

                 2  2                                       2
     + 2 Jn[0, 0]  r  Un[0, 0] Jbn[0, 3] Ubn[0, 3] Kn~[0, 0]

                 2  2                                       2
     + 2 Jn[0, 0]  r  Un[0, 0] Ubn[0, 0] Jbn[3, 3] Kn~[0, 0]

                 2  2                                       2
     + 4 Jn[0, 0]  r  Ubn[0, 0] Jbn[0, 3] Un[0, 3] Kn~[0, 0]  - 2 Jbn[0, 2]

                                                 2  4         2
    Jbn[0, 0] Jn[0, 0] exp(-2 Bn[0, 0]) Kn~[0, 0]  r  Un[0, 0]  Ubn[0, 0]

                          2  2                                        2
    Kn~[0, 1] - 2 Jn[0, 0]  r  Ubn[0, 0] Ubn[0, 2] Jbn[0, 3] Kn~[0, 0]

                 2  2                              2
     + 4 Jn[0, 0]  r  Ubn[0, 3] Jbn[0, 4] Kn~[0, 0]

                 2           2                              2
     - 4 Jn[0, 0]  Va[0, 3] r  Ubn[0, 0] Jbn[0, 1] Kn~[0, 0]

                2           2          3
     + Ubn[0, 0]  Jn[0, 2] r  Kn~[0, 0]  Jbn[0, 2]

          2                   2                   2
     + 4 r  Jbn[0, 3] Un[0, 0]  Bn[0, 2] Kn~[0, 0]

                                       2                            2
     + 2 Jbn[0, 2] Jbn[0, 0] Jn[0, 0] r  Un[0, 0] Un[0, 3] Kn~[0, 0]

                                           4
     + 8 exp(2 Bn[0, 0]) Va[2, 3] Kn~[0, 0]

                                     2  2         2
     + 2 Jn[0, 0] Jbn[0, 3] Kn~[0, 0]  r  Un[0, 0]  Kn~[0, 3]

          2                                      2
     + 2 r  Jbn[0, 2] Un[0, 0] Un[0, 3] Kn~[0, 0]

          2                                      2
     - 4 r  Ubn[0, 0] Jn[0, 3] Un[0, 3] Kn~[0, 0]

                   2                             2
     + 4 Va[0, 3] r  Jn[0, 1] Ubn[0, 0] Kn~[0, 0]  - 4 Jn[0, 0]

                      4                   2                    3
    exp(-2 Bn[0, 0]) r  Un[0, 0] Ubn[0, 0]  Jbn[0, 1] Kn~[0, 0]  Kn~[0, 2]

                   3
     - 16 Kn~[0, 0]  Va[0, 0] Bn[0, 2] r Ubn[0, 0]

                                     3  2         2
     - 4 Jn[0, 0] Jbn[0, 3] Kn~[0, 0]  r  Un[0, 0]  Bn[0, 3]

                                      2          3
     + 8 Jn[0, 0] Jbn[0, 3] Un[0, 0] r  Kn~[0, 0]  Ubn[0, 0] Bn[0, 2]

                             2                   3
     - 8 Jbn[0, 0] Va[0, 2] r  Un[0, 0] Kn~[0, 0]  Kn~[0, 1]

                                           3
     + 4 exp(2 Bn[0, 0]) Va[0, 2] Kn~[0, 0]  Kn~[0, 3]

                           3                   3          3
     + 4 exp(-2 Bn[0, 0]) r  Jn[0, 2] Ubn[0, 0]  Kn~[0, 0]

                                                        4          3
     + 4 Jbn[0, 0] exp(-2 Bn[0, 0]) Un[0, 1] Ubn[0, 0] r  Kn~[0, 0]  Un[0, 2]

                 2                   4                   2
     + 4 Jn[0, 0]  exp(-2 Bn[0, 0]) r  Un[0, 0] Ubn[0, 0]  Jbn[0, 1] Jbn[0, 2]

             2             2                   4         2
    Kn~[0, 0]  + 4 Jn[0, 0]  exp(-2 Bn[0, 0]) r  Un[0, 0]  Ubn[0, 0] Jbn[0, 1]

                       2             2                   4
    Jbn[0, 3] Kn~[0, 0]  - 4 Jn[0, 0]  exp(-2 Bn[0, 0]) r  Va[0, 0] Un[0, 0]

                       2          2
    Ubn[0, 0] Jbn[0, 1]  Kn~[0, 0]

                                                     3
     - 8 Jbn[0, 0] exp(2 Bn[0, 0]) Bn[0, 2] Kn~[0, 0]  Va[0, 2]

                                                     3
     - 8 Jbn[0, 0] exp(2 Bn[0, 0]) Va[0, 0] Kn~[0, 0]  Bn[2, 2]

                                                 2                   2
     - 2 Jbn[0, 2] Jbn[0, 0] Jn[0, 0] Ubn[0, 0] r  Un[0, 2] Kn~[0, 0]

                                       2                             2
     - 4 Jbn[0, 2] Jbn[0, 0] Jn[0, 0] r  Un[0, 0] Ubn[0, 2] Kn~[0, 0]  +

                                    2
    4 Jbn[0, 2] Jbn[0, 0] Jn[0, 0] r  Un[0, 0] Ubn[0, 0] Kn~[0, 0] Kn~[0, 2]

                 2  2                    3
     + 4 Jn[0, 0]  r  Ubn[0, 0] Kn~[0, 0]  Ubn[3, 3]

               2            2          2          2
     - Jn[0, 0]  Kn~[0, 0] r  Ubn[0, 0]  Jbn[0, 2]

               2            2         2          2
     - Jn[0, 0]  Kn~[0, 0] r  Un[0, 0]  Jbn[0, 3]

                    2                   3
     - 4 Jbn[0, 0] r  Un[0, 0] Kn~[0, 0]  Jn[3, 4]

                              2          3
     + 4 Jbn[0, 0] Ubn[0, 0] r  Kn~[0, 0]  Jn[2, 4]

                            3  2
     + 8 Jbn[0, 0] Kn~[0, 0]  r  Un[0, 2] Jbn[0, 2] Un[0, 0]

                    2                             4
     + 4 Jbn[0, 0] r  Un[0, 2] Ubn[0, 2] Kn~[0, 0]

                   2                              4
     - 4 Jn[0, 0] r  Ubn[0, 3] Ubn[0, 2] Kn~[0, 0]

                            2                    4
     + 4 Jn[0, 0] Un[0, 0] r  Ubn[3, 3] Kn~[0, 0]

                   2                             4
     + 4 Jn[0, 0] r  Ubn[0, 3] Un[0, 3] Kn~[0, 0]

                           3  2
     + 4 Jn[0, 0] Kn~[0, 0]  r  Un[0, 0] Jbn[0, 3] Un[0, 3]

                                      2          3
     - 4 Jn[0, 0] Ubn[0, 0] Un[0, 0] r  Kn~[0, 0]  Jbn[2, 3]

                   2                             3
     + 8 Jn[0, 0] r  Jn[0, 3] Ubn[0, 0] Kn~[0, 0]  Ubn[0, 3]

                   2                                       2
     - 6 Jn[0, 0] r  Jbn[0, 2] Un[0, 0] Jbn[0, 4] Kn~[0, 0]

                   2          2          3
     + 2 Jn[0, 0] r  Ubn[0, 0]  Kn~[0, 0]  Jn[3, 3]

                            2          3
     - 8 Jn[0, 0] Un[0, 0] r  Kn~[0, 0]  Ubn[0, 0] Bn[0, 3] Jbn[0, 2]

                           3  2          2
     + 4 Jn[0, 0] Kn~[0, 0]  r  Ubn[0, 0]  Bn[0, 2] Jbn[0, 2]

                   2                    2                   2
     - 3 Jn[0, 0] r  Ubn[0, 0] Jbn[0, 2]  Un[0, 0] Kn~[0, 0]

                             2                    2
     - 2 Ubn[0, 0] Un[0, 0] r  Jbn[2, 2] Kn~[0, 0]

                                                     4
     + 16 exp(2 Bn[0, 0]) Va[0, 0] Bn[2, 3] Kn~[0, 0]

                                     2                  2          3
     - 8 Jbn[0, 0] exp(-2 Bn[0, 0]) r  Va[0, 0] Un[0, 0]  Kn~[0, 0]

                                   3  4
     + 4 exp(-2 Bn[0, 0]) Kn~[0, 0]  r  Un[0, 0] Ubn[0, 3] Jn[0, 1] Ubn[0, 0]

                   2
     - 2 Jn[0, 0] r  Jbn[0, 2] Un[0, 0] Jbn[0, 4]

          2          4
     - 8 r  Kn~[0, 0]  Un[0, 0] Ubn[0, 2] Kn~[0, 3]

        2                   2          3
     + r  Jbn[0, 3] Un[0, 0]  Kn~[0, 0]  Jn[0, 3]

                                            2  4          3
     + 4 exp(-2 Bn[0, 0]) Un[0, 1] Ubn[0, 0]  r  Kn~[0, 0]  Kn~[0, 2]

                                   2           3          3
     + 8 exp(-2 Bn[0, 0]) Ubn[0, 0]  Un[0, 0] r  Kn~[0, 0]  Kn~[0, 2] -

                                2  4         2
    2 exp(-2 Bn[0, 0]) Kn~[0, 0]  r  Un[0, 0]  Ubn[0, 0] Jbn[0, 1] Kn~[0, 2]

                           4                                       3
     + 8 exp(-2 Bn[0, 0]) r  Un[0, 0] Ubn[0, 0] Ubn[0, 1] Kn~[0, 0]  Kn~[0, 2]

     -

                        4                   2          2
    8 exp(-2 Bn[0, 0]) r  Un[0, 0] Ubn[0, 0]  Kn~[0, 0]  Kn~[0, 1] Kn~[0, 2]

        2                   2
     + r  Jbn[0, 3] Un[0, 0]  Kn~[0, 0] Jn[0, 3]

                   2                                       2
     + 6 Jn[0, 0] r  Ubn[0, 0] Jn[0, 3] Jbn[0, 4] Kn~[0, 0]

                 2          2                             2
     + Jn[0, 0] r  Ubn[0, 0]  Jbn[0, 2] Jn[0, 3] Kn~[0, 0]

                   2                              4
     - 8 Jn[0, 0] r  Ubn[0, 0] Ubn[2, 3] Kn~[0, 0]

                             2                   4
     + 4 Jn[0, 0] Ubn[0, 0] r  Un[3, 3] Kn~[0, 0]

               3  2                             2
     - Jn[0, 0]  r  Un[0, 0] Ubn[0, 0] Jbn[0, 3]

                           4         2                             5
     + 2 exp(-2 Bn[0, 0]) r  Un[0, 0]  Jbn[0, 1] Un[0, 3] Kn~[0, 0]

                                     4                  2          3
     - 4 Jbn[0, 0] exp(-2 Bn[0, 0]) r  Va[0, 0] Un[0, 1]  Kn~[0, 0]

                           4                                                3
     - 8 exp(-2 Bn[0, 0]) r  Va[0, 0] Ubn[0, 0] Jn[0, 1] Ubn[0, 1] Kn~[0, 0]

                 2            2                   4
     - 4 Un[0, 0]  Jbn[0, 2] r  Bn[0, 3] Kn~[0, 0]

                                       2          3
     + 4 Jbn[0, 2] Ubn[0, 0] Un[0, 0] r  Kn~[0, 0]  Kn~[0, 2]

                                           2  4          3
     + 6 exp(-2 Bn[0, 0]) Un[0, 1] Un[0, 0]  r  Kn~[0, 0]  Jbn[0, 3]

           2                   4                                 2
     - 12 r  Un[0, 0] Kn~[0, 0]  Ubn[0, 3] Kn~[0, 2] + 8 Jn[0, 0]

                      4                                                 2
    exp(-2 Bn[0, 0]) r  Un[0, 0] Ubn[0, 0] Jbn[0, 1] Jbn[0, 4] Kn~[0, 0]

                 2                   4                   2
     - 4 Jn[0, 0]  exp(-2 Bn[0, 0]) r  Un[0, 0] Ubn[0, 0]  Jbn[0, 1] Jbn[0, 2]

                 2                           3  4
     + 4 Jn[0, 0]  exp(-2 Bn[0, 0]) Kn~[0, 0]  r  Un[0, 0] Ubn[0, 3] Ubn[0, 0]

    Jbn[0, 1] +

              2                           3  4          2
    2 Jn[0, 0]  exp(-2 Bn[0, 0]) Kn~[0, 0]  r  Ubn[0, 0]  Un[0, 3] Jbn[0, 1]

                 2                   4                                      2
     + 4 Jn[0, 0]  exp(-2 Bn[0, 0]) r  Va[0, 0] Un[0, 0] Ubn[0, 0] Jbn[0, 1]

                             2                   4                        2
     - 8 Jbn[0, 0] Un[0, 0] r  Un[2, 3] Kn~[0, 0]  - 2 Jbn[0, 1] Jbn[0, 0]

                               4         2                   2
    Jn[0, 0] exp(-2 Bn[0, 0]) r  Un[0, 0]  Un[0, 2] Kn~[0, 0]  - 4 Jbn[0, 0]

                                                 3  4
    Jbn[0, 1] Jn[0, 0] exp(-2 Bn[0, 0]) Kn~[0, 0]  r  Ubn[0, 0] Un[0, 2]

                                                                        3  4
    Un[0, 0] + 2 Jbn[0, 0] Jbn[0, 1] Jn[0, 0] exp(-2 Bn[0, 0]) Kn~[0, 0]  r

            2                      2                   2                    2
    Un[0, 0]  Un[0, 3] - Jn[0, 0] r  Jn[0, 2] Ubn[0, 0]  Jbn[0, 3] Kn~[0, 0]

                          2  2          3
     + 2 Jn[0, 0] Un[0, 0]  r  Kn~[0, 0]  Jbn[3, 3]

                    2
     + 4 Jbn[0, 2] r  Un[0, 0] Ubn[0, 0] Kn~[0, 0] Kn~[0, 2]

                                                       4          3
     + 8 Jbn[0, 0] exp(-2 Bn[0, 0]) Un[0, 1] Un[0, 0] r  Kn~[0, 0]  Un[0, 3]

                                      3                                     3
     - 32 Jbn[0, 0] exp(-2 Bn[0, 0]) r  Va[0, 0] Un[0, 0] Un[0, 1] Kn~[0, 0]

                                     6                   2                   4
     - 4 Jbn[0, 0] exp(-4 Bn[0, 0]) r  Ubn[0, 0] Un[0, 1]  Un[0, 0] Kn~[0, 0]

                                     2  2
     - 2 Jn[0, 0] Jbn[0, 3] Kn~[0, 0]  r  Un[0, 0] Ubn[0, 0] Kn~[0, 2]

                   3                    2              3  2
     + 32 Kn~[0, 0]  r Bn[0, 1] Va[0, 0]  - 4 Kn~[0, 0]  r  Jbn[0, 4] Jn[0, 4]

                   2                                                2
     + 3 Jn[0, 0] r  Un[0, 0] Jbn[0, 3] Jn[0, 3] Ubn[0, 0] Kn~[0, 0]

                                     4         2                             4
     - 2 Jbn[0, 0] exp(-2 Bn[0, 0]) r  Un[0, 0]  Un[0, 2] Jbn[0, 1] Kn~[0, 0]

     -

              2                           3  4          2
    2 Jn[0, 0]  exp(-2 Bn[0, 0]) Kn~[0, 0]  r  Ubn[0, 0]  Ubn[0, 2] Jbn[0, 1]

                 2                   4         2
     - 4 Jn[0, 0]  exp(-2 Bn[0, 0]) r  Un[0, 0]  Ubn[0, 0] Jbn[0, 1] Jbn[0, 3]

                                             3  4
     + 16 Jn[0, 0] exp(-2 Bn[0, 0]) Kn~[0, 0]  r  Bn[0, 1] Va[0, 0] Ubn[0, 0]

    Ubn[0, 1]

                                              4         2
     + 2 Jn[0, 0] exp(-2 Bn[0, 0]) Kn~[0, 0] r  Un[0, 0]  Jbn[0, 4] Jbn[0, 1]

                                   5  6         2          2
     - 2 exp(-4 Bn[0, 0]) Kn~[0, 0]  r  Un[0, 0]  Ubn[0, 1]

                  4           2
     - 8 Kn~[0, 0]  Va[0, 2] r  Ubn[0, 0] Kn~[0, 1] -

                                4  4         2
    2 exp(-2 Bn[0, 0]) Kn~[0, 0]  r  Un[0, 0]  Ubn[0, 0] Jbn[0, 1] Kn~[0, 2]

                   2
     + 2 Jn[0, 0] r  Ubn[0, 0] Jn[0, 3] Jbn[0, 4]

          2         2                    4
     - 4 r  Un[0, 0]  Jbn[2, 3] Kn~[0, 0]

          2          2                   4
     - 4 r  Ubn[0, 0]  Jn[2, 3] Kn~[0, 0]

                             2          3
     - 3 Ubn[0, 0] Un[0, 0] r  Kn~[0, 0]  Jn[0, 2] Jbn[0, 3]

                  3  2
     + 8 Kn~[0, 0]  r  Ubn[0, 0] Un[0, 2] Bn[0, 3]

          2                    3
     - 4 r  Ubn[0, 0] Kn~[0, 0]  Ubn[2, 2]

          2                   3                 2                   3
     - 4 r  Un[0, 2] Kn~[0, 0]  Ubn[0, 3] + 16 r  Un[0, 0] Kn~[0, 0]  Bn[3, 4]

                   3
     - 32 Kn~[0, 0]  r Bn[0, 4] Va[0, 0]

                  3  2
     + 8 Kn~[0, 0]  r  Ubn[0, 0] Ubn[0, 2] Bn[0, 2]

                   2                    3
     - 4 Un[0, 0] r  Jbn[0, 4] Kn~[0, 0]  Kn~[0, 2] +

                         4                             4
    16 exp(-2 Bn[0, 0]) r  Un[0, 0] Ubn[0, 0] Kn~[0, 0]  Kn~[0, 1] Kn~[0, 4]

                           4                             3
     + 8 exp(-2 Bn[0, 0]) r  Ubn[0, 0] Un[0, 1] Kn~[0, 0]  Kn~[0, 4]

                    2          3
     + 4 Ubn[0, 0] r  Kn~[0, 0]  Jn[0, 4] Jbn[0, 2]

                    2                   3
     + 8 Jbn[0, 0] r  Un[0, 2] Kn~[0, 0]  Kn~[0, 4]

          2                             3
     - 4 r  Ubn[0, 0] Jn[0, 4] Kn~[0, 0]  Kn~[0, 3]

                    2                   4      2                             4
     - 4 Ubn[0, 0] r  Jn[3, 4] Kn~[0, 0]  - 4 r  Jbn[0, 4] Un[0, 2] Kn~[0, 0]

          2                             4
     - 4 r  Jn[0, 4] Ubn[0, 3] Kn~[0, 0]

          2                                       4
     - 8 r  Jn[0, 2] Ubn[0, 0] Ubn[0, 3] Kn~[0, 0]

                   2          3                         2          3
     + 4 Un[0, 0] r  Kn~[0, 0]  Jn[0, 3] Jbn[0, 4] - 8 r  Kn~[0, 0]  Un[3, 4]

                                   5  4
     - 4 exp(-2 Bn[0, 0]) Kn~[0, 0]  r  Ubn[0, 0] Un[0, 2] Jbn[0, 1] Un[0, 0]

                                   2           3          3
     + 4 exp(-2 Bn[0, 0]) Ubn[0, 0]  Un[0, 0] r  Kn~[0, 0]  Jn[0, 3]

                                     4  2
     - 4 Un[0, 2] Ubn[0, 0] Kn~[0, 0]  r  Kn~[0, 3]

                           4                                               3
     - 8 exp(-2 Bn[0, 0]) r  Va[0, 0] Jbn[0, 1] Un[0, 0] Un[0, 1] Kn~[0, 0]

                                   2           4          3
     + 4 exp(-2 Bn[0, 0]) Ubn[0, 0]  Un[0, 0] r  Kn~[0, 0]  Jn[1, 3]

                                   4  4         3
     - 2 exp(-2 Bn[0, 0]) Kn~[0, 0]  r  Un[0, 0]  Jbn[0, 3] Kn~[0, 1]

                           4                                      3
     - 8 exp(-2 Bn[0, 0]) r  Va[0, 0] Un[0, 0] Ubn[0, 1] Kn~[0, 0]  Kn~[0, 1]

                                    6          2                             4
     - 4 Jn[0, 0] exp(-4 Bn[0, 0]) r  Ubn[0, 0]  Un[0, 1] Ubn[0, 1] Kn~[0, 0]

                                    4
     - 8 Jn[0, 0] exp(-2 Bn[0, 0]) r  Ubn[0, 0] Ubn[0, 2] Un[0, 0] Jbn[0, 1]

             4                                                   4
    Kn~[0, 0]  + 8 Jn[0, 0] exp(-2 Bn[0, 0]) Ubn[0, 0] Un[0, 0] r  Jbn[0, 1]

                      4
    Un[0, 3] Kn~[0, 0]

                                           2  4                              4
     + 4 Jn[0, 0] exp(-2 Bn[0, 0]) Un[0, 0]  r  Jbn[0, 1] Ubn[0, 3] Kn~[0, 0]

                           4                  2                    3
     - 4 exp(-2 Bn[0, 0]) r  Va[0, 0] Un[0, 0]  Jbn[1, 1] Kn~[0, 0]

                           4                                      3
     + 8 exp(-2 Bn[0, 0]) r  Jbn[0, 4] Un[0, 0] Un[0, 1] Kn~[0, 0]  - 2

                                                           3  4         2
    Jbn[0, 0] Jbn[0, 1] Jn[0, 0] exp(-2 Bn[0, 0]) Kn~[0, 0]  r  Un[0, 0]

    Ubn[0, 2] -

                                4  4         2
    2 exp(-2 Bn[0, 0]) Kn~[0, 0]  r  Un[0, 0]  Ubn[0, 0] Jbn[0, 2] Kn~[0, 1]

                           4                                      5
     - 8 exp(-2 Bn[0, 0]) r  Un[0, 0] Un[0, 3] Ubn[0, 0] Kn~[0, 0]  Kn~[0, 1]

                                              4                    5
     + 8 exp(-2 Bn[0, 0]) Ubn[0, 0] Un[0, 0] r  Ubn[0, 2] Kn~[0, 0]  Kn~[0, 1]

                                   2  4         2
     - 4 exp(-2 Bn[0, 0]) Kn~[0, 0]  r  Un[0, 0]  Jbn[0, 4] Kn~[0, 1]

                  2                           3  6         2         2
     - 2 Jbn[0, 0]  exp(-4 Bn[0, 0]) Kn~[0, 0]  r  Un[0, 0]  Un[0, 1]  +

            3                             4                   2
    Jn[0, 0]  exp(-2 Bn[0, 0]) Kn~[0, 0] r  Un[0, 0] Ubn[0, 0]  Jbn[0, 3]

                         2           2
    Jbn[0, 1] + Ubn[0, 0]  Jn[0, 2] r  Kn~[0, 0] Jbn[0, 2]

                   2
     + 4 Un[0, 0] r  Jbn[0, 2] Kn~[0, 0] Kn~[0, 4] +

              3                   4          2                              2
    2 Jn[0, 0]  exp(-2 Bn[0, 0]) r  Ubn[0, 0]  Ubn[0, 3] Jbn[0, 1] Kn~[0, 0]

     +

              3                             4          2
    2 Jn[0, 0]  exp(-2 Bn[0, 0]) Kn~[0, 0] r  Ubn[0, 0]  Jbn[0, 4] Jbn[0, 1]

                  4           2
     + 8 Kn~[0, 0]  Va[0, 3] r  Un[0, 0] Kn~[0, 1]

                           4                   2          3
     + 8 exp(-2 Bn[0, 0]) r  Jn[1, 4] Ubn[0, 0]  Kn~[0, 0]

                  3  2         2          2
     - 2 Kn~[0, 0]  r  Un[0, 0]  Kn~[0, 3]

                  4  2
     + 4 Kn~[0, 0]  r  Un[0, 0] Un[0, 3] Kn~[0, 3]

                                              4          3
     + 8 exp(-2 Bn[0, 0]) Ubn[0, 1] Un[0, 0] r  Kn~[0, 0]  Kn~[0, 4]

                                               3          3
     + 16 exp(-2 Bn[0, 0]) Ubn[0, 0] Un[0, 0] r  Kn~[0, 0]  Kn~[0, 4]

                           3           2
     + 8 Jn[0, 0] Kn~[0, 0]  Va[0, 2] r  Ubn[0, 0] Jbn[0, 1]

                             2          3
     - 4 Jn[0, 0] Ubn[0, 0] r  Kn~[0, 0]  Jbn[2, 4]

                   2          3
     - 8 Jn[0, 0] r  Kn~[0, 0]  Ubn[0, 2] Jbn[0, 4]

                   2                    3
     + 8 Jn[0, 0] r  Jbn[0, 4] Kn~[0, 0]  Un[0, 3] + 4 Jbn[0, 0] Jbn[0, 1]

                                       2                  2  4
    Jn[0, 0] exp(-2 Bn[0, 0]) Kn~[0, 0]  Va[0, 0] Un[0, 0]  r  Kn~[0, 1] + 8

                                         4
    Jn[0, 0] Jbn[0, 1] exp(-2 Bn[0, 0]) r  Va[0, 0] Un[0, 0] Ubn[0, 0]

             3                                                    4
    Kn~[0, 0]  Kn~[0, 1] - 8 Jn[0, 0] Jbn[0, 1] exp(-2 Bn[0, 0]) r  Va[0, 0]

    Un[0, 0] Ubn[0, 0] Kn~[0, 0] Kn~[0, 1]

                  2  2                   3
     + 4 Jbn[0, 0]  r  Un[0, 0] Kn~[0, 0]  Un[2, 2]

                                   2  4         2
     - 4 exp(-2 Bn[0, 0]) Kn~[0, 0]  r  Un[0, 0]  Jbn[0, 1] Kn~[0, 4]

          2                            3
     - 8 r  Bn[0, 1] Va[0, 0] Kn~[0, 0]  Un[0, 3]

          2         2                    3
     + 2 r  Un[0, 0]  Jbn[0, 2] Kn~[0, 0]  Kn~[0, 3]

                           4          2                             3
     + 4 exp(-2 Bn[0, 0]) r  Ubn[0, 0]  Jn[0, 1] Ubn[0, 2] Kn~[0, 0]

                                            2  4          3
     + 4 exp(-2 Bn[0, 0]) Ubn[0, 1] Un[0, 0]  r  Kn~[0, 0]  Kn~[0, 3]

                                                    3
     + 8 exp(2 Bn[0, 0]) Va[0, 0] Bn[0, 2] Kn~[0, 0]  Kn~[0, 3]

               3                             4          3
     + Jn[0, 0]  exp(-2 Bn[0, 0]) Kn~[0, 0] r  Ubn[0, 0]  Jbn[0, 2] Jbn[0, 1]

               3                                              2  4          2
     - Jn[0, 0]  exp(-2 Bn[0, 0]) Kn~[0, 0] Va[0, 0] Ubn[0, 0]  r  Jbn[0, 1]

                 2                           3  6          2          2
     - 2 Jn[0, 0]  exp(-4 Bn[0, 0]) Kn~[0, 0]  r  Ubn[0, 0]  Ubn[0, 1]

                 2                   4
     - 8 Jn[0, 0]  exp(-2 Bn[0, 0]) r  Un[0, 0] Ubn[0, 0] Jbn[0, 1] Jbn[0, 4]

                   2                              3
     - 4 Jn[0, 0] r  Ubn[0, 0] Ubn[0, 2] Kn~[0, 0]  Jbn[0, 2]

                           3  2
     + 4 Jn[0, 0] Kn~[0, 0]  r  Ubn[0, 3] Jbn[0, 2] Un[0, 0]

                                              3  2
     - 4 Jn[0, 0] Un[0, 2] Ubn[0, 0] Kn~[0, 0]  r  Jbn[0, 3]

                   2                   2          3
     + 4 Jn[0, 0] r  Jn[0, 3] Ubn[0, 0]  Kn~[0, 0]  Bn[0, 3]

                 2                    2
     - Jn[0, 0] r  Ubn[0, 0] Jbn[0, 2]  Un[0, 0]

                    2
     - 4 Kn~[0, 0] r  Jbn[0, 4] Jn[0, 4]

                           3           2
     - 8 Jn[0, 0] Kn~[0, 0]  Va[0, 3] r  Jbn[0, 1] Un[0, 0]

                            2          3
     + 4 Jn[0, 0] Un[0, 0] r  Kn~[0, 0]  Jbn[3, 4]

                  3  2
     + 8 Kn~[0, 0]  r  Un[0, 0] Ubn[0, 3] Bn[0, 2]

                                            2                   2  4
     + 2 Jn[0, 1] exp(-2 Bn[0, 0]) Kn~[0, 0]  Va[0, 0] Ubn[0, 0]  r  Kn~[0, 1]

                                            4                   2  4
     - 2 Jn[0, 1] exp(-2 Bn[0, 0]) Kn~[0, 0]  Va[0, 0] Ubn[0, 0]  r  Kn~[0, 1]

                           2
     - Ubn[0, 0] Un[0, 0] r  Kn~[0, 0] Jn[0, 3] Jbn[0, 2]

                           4                                                3
     + 4 exp(-2 Bn[0, 0]) r  Un[0, 0] Jn[0, 3] Ubn[0, 0] Ubn[0, 1] Kn~[0, 0]

                                              4
     + 8 Jn[0, 0] Jbn[0, 4] exp(-2 Bn[0, 0]) r  Un[0, 0] Ubn[0, 0] Kn~[0, 0]

                                                       4
    Kn~[0, 1] - 8 Jn[0, 0] Jbn[0, 4] exp(-2 Bn[0, 0]) r  Un[0, 0] Ubn[0, 0]

             3                        3  2          2          2    /   2
    Kn~[0, 0]  Kn~[0, 1] - 2 Kn~[0, 0]  r  Ubn[0, 0]  Kn~[0, 2] )  /  (r
                                                                  /

             3
    Kn~[0, 0] )

> R[1,4];
                   2  2                            2
-1/16 (-2 Jbn[0, 0]  r  Un[0, 0] Jn[1, 2] Kn~[0, 0]

                   2          3
     + 4 Jn[0, 0] r  Kn~[0, 0]  Jbn[0, 1] Ubn[0, 2]

                   2                   3
     - 2 Jn[0, 0] r  Un[0, 0] Kn~[0, 0]  Jbn[1, 3]

                 2
     + Jn[0, 0] r  Un[0, 0] Jbn[0, 1] Jbn[0, 2]

                 2
     - Jn[0, 0] r  Ubn[0, 0] Jn[0, 1] Jbn[0, 3]

                    2          3
     - 2 Jbn[0, 0] r  Kn~[0, 0]  Ubn[0, 0] Jn[1, 2]

                                              3  3
     + 16 Jbn[0, 0] exp(-2 Bn[0, 0]) Kn~[0, 0]  r  Un[0, 0] Un[0, 1]

                                                      3  4
     - 8 Jbn[0, 0] Bn[0, 1] exp(-2 Bn[0, 0]) Kn~[0, 0]  r  Un[0, 0] Un[0, 1]

                                             3  4
     + 4 Jbn[0, 0] exp(-2 Bn[0, 0]) Kn~[0, 0]  r  Un[0, 0] Un[1, 1]

                   2                    2                2                   4
     + 2 Un[0, 0] r  Jbn[1, 2] Kn~[0, 0]  + 2 Jbn[0, 1] r  Un[0, 2] Kn~[0, 0]

                    2                   4               2                    4
     + 2 Ubn[0, 0] r  Jn[1, 3] Kn~[0, 0]  + 2 Jn[0, 1] r  Ubn[0, 3] Kn~[0, 0]

                  3           2                        3  2
     + 8 Kn~[0, 0]  Bn[0, 2] r  Ubn[0, 1] + 8 Kn~[0, 0]  r  Un[0, 0] Bn[1, 3]

                  3  2
     + 2 Kn~[0, 0]  r  Jn[0, 1] Jbn[0, 4]

                                           3
     + 8 Bn[0, 3] exp(2 Bn[0, 0]) Kn~[0, 0]  Jn[0, 3]

                                           3
     + 8 Bn[0, 2] exp(2 Bn[0, 0]) Kn~[0, 0]  Jbn[0, 2]

                   3                                  3           2
     + 16 Kn~[0, 0]  Bn[0, 3] r Un[0, 0] + 8 Kn~[0, 0]  Bn[0, 3] r  Un[0, 1]

                  3  2                                 3  2
     + 2 Kn~[0, 0]  r  Jbn[0, 1] Jn[0, 4] + 8 Kn~[0, 0]  r  Ubn[0, 0] Bn[1, 2]

                    2                   2                2                   2
     + 2 Ubn[0, 0] r  Jn[1, 3] Kn~[0, 0]  + 2 Jbn[0, 1] r  Un[0, 2] Kn~[0, 0]

                                           3
     + 8 Jn[0, 0] exp(2 Bn[0, 0]) Kn~[0, 0]  Bn[3, 3]

                           2                          3
     + 16 Jn[0, 0] Bn[0, 3]  exp(2 Bn[0, 0]) Kn~[0, 0]

                                            3
     + 8 Jbn[0, 0] exp(2 Bn[0, 0]) Kn~[0, 0]  Bn[2, 2]

                            2                          3
     + 16 Jbn[0, 0] Bn[0, 2]  exp(2 Bn[0, 0]) Kn~[0, 0]

                   2                    4
     + 2 Un[0, 0] r  Jbn[1, 2] Kn~[0, 0]

                  3  2
     - 8 Kn~[0, 0]  r  Kn~[0, 1] Kn~[0, 4]

          2
     - 2 r  Un[0, 0] Kn~[0, 0] Kn~[0, 1] Jbn[0, 2] Jbn[0, 0] Jn[0, 0]

                   2                    3
     - 4 Jn[0, 0] r  Jbn[0, 1] Kn~[0, 0]  Un[0, 3]

                   2                                       2
     - 4 Jn[0, 0] r  Ubn[0, 0] Jn[0, 3] Jbn[0, 1] Kn~[0, 0]

                 2                                       2
     + Jn[0, 0] r  Ubn[0, 0] Jn[0, 1] Jbn[0, 3] Kn~[0, 0]

                   2                                       2
     + 3 Jn[0, 0] r  Un[0, 0] Jbn[0, 1] Jbn[0, 2] Kn~[0, 0]

                   3                         3  2
     - 16 Kn~[0, 0]  r Va[0, 1] - 8 Kn~[0, 0]  r  Va[1, 1]

          2          3                         3
     + 4 r  Kn~[0, 0]  Un[1, 3] + 8 r Kn~[0, 0]  Ubn[0, 2]

                            3  2      2          3
     + 32 Bn[1, 4] Kn~[0, 0]  r  + 4 r  Kn~[0, 0]  Ubn[1, 2]

                    3               2                             3
     + 8 r Kn~[0, 0]  Un[0, 3] - 6 r  Un[0, 0] Jbn[0, 2] Kn~[0, 0]  Kn~[0, 1]

                   2                    2
     + 2 Jn[0, 1] r  Ubn[0, 3] Kn~[0, 0]

                    2
     - 2 Jbn[0, 1] r  Kn~[0, 0] Jbn[0, 0] Jn[0, 0] Un[0, 0] Kn~[0, 2]

                    2                   2
     + 4 Jbn[0, 0] r  Un[0, 0] Kn~[0, 0]  Kn~[0, 1] Kn~[0, 2]

                                            3  4          2
     + 4 Jn[0, 0] exp(-2 Bn[0, 0]) Kn~[0, 0]  r  Ubn[0, 1]

                                             3  3
     + 16 Jn[0, 0] exp(-2 Bn[0, 0]) Kn~[0, 0]  r  Ubn[0, 0] Ubn[0, 1]

                                                     3  4
     - 8 Jn[0, 0] Bn[0, 1] exp(-2 Bn[0, 0]) Kn~[0, 0]  r  Ubn[0, 0] Ubn[0, 1]

                                            3  4
     + 4 Jn[0, 0] exp(-2 Bn[0, 0]) Kn~[0, 0]  r  Ubn[0, 0] Ubn[1, 1]

                                             3  4         2
     + 4 Jbn[0, 0] exp(-2 Bn[0, 0]) Kn~[0, 0]  r  Un[0, 1]

                   3  2                                  2
     - 16 Kn~[0, 0]  r  Bn[1, 1] Va[0, 0] + 2 Kn~[0, 0] r  Jbn[0, 1] Jn[0, 4]

                    2                         2          4
     + 2 Kn~[0, 0] r  Jn[0, 1] Jbn[0, 4] + 4 r  Kn~[0, 0]  Un[0, 3] Kn~[0, 1]

          2          4
     - 4 r  Kn~[0, 0]  Ubn[0, 2] Kn~[0, 1]

          2                   3
     - 4 r  Un[0, 2] Kn~[0, 0]  Jbn[0, 0] Kn~[0, 1]

                           2  2
     + 4 Jn[0, 0] Kn~[0, 0]  r  Jbn[0, 1] Kn~[0, 4]

                                           3
     - 8 exp(2 Bn[0, 0]) Bn[0, 3] Kn~[0, 0]  Kn~[0, 2]

                                           3
     - 8 exp(2 Bn[0, 0]) Bn[0, 2] Kn~[0, 0]  Kn~[0, 3]

                 2  2                              2
     - 2 Jn[0, 0]  r  Jbn[0, 1] Ubn[0, 3] Kn~[0, 0]

                 2            2
     - 4 Jn[0, 0]  Kn~[0, 0] r  Jbn[0, 1] Jbn[0, 4]

                 2  2                              2
     - 2 Jn[0, 0]  r  Ubn[0, 0] Jbn[1, 3] Kn~[0, 0]

                                   3  4
     + 4 exp(-2 Bn[0, 0]) Kn~[0, 0]  r  Un[0, 1] Jbn[0, 1] Un[0, 0]

                  2  2
     + 2 Kn~[0, 0]  r  Jbn[0, 1] Jbn[0, 0] Jn[0, 0] Un[0, 2]

          2                   3
     - 2 r  Un[0, 0] Kn~[0, 0]  Jn[0, 3] Jbn[0, 1]

          2                             3
     + 2 r  Un[0, 0] Jbn[0, 1] Kn~[0, 0]  Kn~[0, 2]

                   3  2
     - 16 Kn~[0, 0]  r  Bn[0, 1] Va[0, 1]

          2                   3
     + 2 r  Un[0, 0] Kn~[0, 0]  Jn[0, 1] Jbn[0, 3]

                   3                                   3
     - 32 Kn~[0, 0]  r Bn[0, 1] Va[0, 0] + 16 Kn~[0, 0]  Bn[0, 2] r Ubn[0, 0]

        2                            2
     + r  Jbn[0, 0] Un[0, 0] Jn[0, 0]  Jbn[0, 1] Jbn[0, 2]

               3  2
     + Jn[0, 0]  r  Ubn[0, 0] Jbn[0, 1] Jbn[0, 3]

          2          3
     - 2 r  Kn~[0, 0]  Ubn[0, 0] Jn[0, 1] Jbn[0, 2]

                   2          3
     + 2 Jn[0, 0] r  Kn~[0, 0]  Ubn[0, 0] Jbn[1, 2]

                    2                   3
     + 2 Jbn[0, 0] r  Un[0, 0] Kn~[0, 0]  Jn[1, 3]

          2
     - 2 r  Un[0, 0] Jbn[0, 2] Kn~[0, 0] Kn~[0, 1]

          2
     - 2 r  Ubn[0, 0] Jn[0, 3] Kn~[0, 0] Kn~[0, 1]

          2                             3
     + 2 r  Ubn[0, 0] Jn[0, 3] Kn~[0, 0]  Kn~[0, 1]

                                   3  4
     + 4 exp(-2 Bn[0, 0]) Kn~[0, 0]  r  Jn[0, 1] Ubn[0, 0] Ubn[0, 1]

                           4                             3
     + 4 exp(-2 Bn[0, 0]) r  Un[0, 1] Ubn[0, 0] Kn~[0, 0]  Kn~[0, 1]

                                            4
     - 16 exp(2 Bn[0, 0]) Bn[2, 3] Kn~[0, 0]

                           4                             3
     + 4 exp(-2 Bn[0, 0]) r  Ubn[0, 1] Un[0, 0] Kn~[0, 0]  Kn~[0, 1]

                   2
     - 2 Un[0, 0] r  Jbn[0, 1] Kn~[0, 0] Kn~[0, 2]

                                                     4
     - 32 Bn[0, 3] exp(2 Bn[0, 0]) Bn[0, 2] Kn~[0, 0]

                           4                             4
     + 8 exp(-2 Bn[0, 0]) r  Un[0, 1] Ubn[0, 1] Kn~[0, 0]

                            3                             4
     + 16 exp(-2 Bn[0, 0]) r  Un[0, 0] Ubn[0, 1] Kn~[0, 0]

                           4                             4
     + 4 exp(-2 Bn[0, 0]) r  Ubn[0, 0] Un[1, 1] Kn~[0, 0]

                                    4                             4
     - 8 Bn[0, 1] exp(-2 Bn[0, 0]) r  Ubn[0, 0] Un[0, 1] Kn~[0, 0]

                           4                             4
     + 4 exp(-2 Bn[0, 0]) r  Un[0, 0] Ubn[1, 1] Kn~[0, 0]

                                    4                             4
     - 8 Bn[0, 1] exp(-2 Bn[0, 0]) r  Un[0, 0] Ubn[0, 1] Kn~[0, 0]

                            3                             4
     + 16 exp(-2 Bn[0, 0]) r  Ubn[0, 0] Un[0, 1] Kn~[0, 0]

          2          3
     + 2 r  Kn~[0, 0]  Ubn[0, 0] Jn[0, 2] Jbn[0, 1]

                  2  2                                 /   2          3
     + 4 Kn~[0, 0]  r  Kn~[0, 1] Jbn[0, 4] Jn[0, 0])  /  (r  Kn~[0, 0] )
                                                     /

> Rq4;
                           2                             3
1/16 (-8 exp(-2 Bn[0, 0]) r  Un[0, 0] Ubn[0, 0] Kn~[0, 0]  Jn[1, 3]

                           2         2
     - 2 exp(-2 Bn[0, 0]) r  Un[0, 0]  Jn[0, 3] Jbn[0, 1]

                           2
     + 4 exp(-2 Bn[0, 0]) r  Va[0, 0] Un[0, 0] Jn[0, 1] Jbn[0, 1]

                 3                                  3
     + 2 Jn[0, 0]  Jbn[0, 3] Jbn[0, 4] + 8 Kn~[0, 0]  Un[0, 3] Bn[0, 2]

                  3                                          2          3
     - 8 Kn~[0, 0]  Un[0, 2] Bn[0, 3] + 16 Ubn[0, 0] Bn[0, 2]  Kn~[0, 0]

                  3                                           3
     + 2 Kn~[0, 0]  Jn[0, 2] Jbn[0, 4] + 8 Ubn[0, 0] Kn~[0, 0]  Bn[2, 2]

                           3                                          3
     + 8 Un[0, 0] Kn~[0, 0]  Bn[2, 3] + 16 Bn[0, 1] Va[0, 2] Kn~[0, 0]

                                                   3
     - 2 Kn~[0, 0] Jn[0, 2] Jbn[0, 4] - 6 Kn~[0, 0]  Jn[0, 4] Jbn[0, 2]

                                              4
     + 8 Jn[0, 3] Ubn[0, 0] Bn[0, 2] Kn~[0, 0]

                                             4
     - 8 Jn[0, 3] Un[0, 0] Bn[0, 3] Kn~[0, 0]

                                              4
     - 8 Jbn[0, 2] Un[0, 0] Bn[0, 2] Kn~[0, 0]

     - 2 Ubn[0, 0] Kn~[0, 0] Jn[0, 2] Jbn[0, 2]

                                   5  2
     - 4 exp(-2 Bn[0, 0]) Kn~[0, 0]  r  Jn[0, 1] Ubn[0, 0] Ubn[0, 2]

                                                      2
     + Jn[0, 0] Ubn[0, 0] Jn[0, 2] Jbn[0, 3] Kn~[0, 0]

                           3
     - 8 Jn[0, 0] Kn~[0, 0]  Jbn[0, 2] Ubn[0, 0] Bn[0, 2]

                                              3
     - 8 Jn[0, 0] Jn[0, 3] Ubn[0, 0] Kn~[0, 0]  Bn[0, 3]

                                              3
     + 8 Jn[0, 0] Jbn[0, 2] Un[0, 0] Kn~[0, 0]  Bn[0, 3]

                           4                                2
     + 4 Jn[3, 4] Kn~[0, 0]  + 2 Un[0, 0] Jn[3, 3] Kn~[0, 0]

                  5                                          3
     + 8 Kn~[0, 0]  Un[2, 3] - 2 Jn[0, 3] Ubn[0, 0] Kn~[0, 0]  Kn~[0, 2]

                                   2  2
     + 4 exp(-2 Bn[0, 0]) Kn~[0, 0]  r  Un[0, 0] Ubn[0, 0] Jn[0, 3] Kn~[0, 1]

                           2                             3
     - 8 exp(-2 Bn[0, 0]) r  Ubn[0, 0] Un[0, 2] Kn~[0, 0]  Kn~[0, 1]

                                                        3
     + 16 exp(-2 Bn[0, 0]) r Va[0, 0] Un[0, 0] Kn~[0, 0]  Kn~[0, 1]

                           3
     + 8 Un[0, 0] Kn~[0, 0]

                           2                                      3
     + 8 exp(-2 Bn[0, 0]) r  Va[0, 0] Ubn[0, 0] Jn[1, 1] Kn~[0, 0]

                3
     + Kn~[0, 0]  Jn[0, 3] Jbn[0, 2] Un[0, 0]

                                     3
     + 4 Jn[0, 0] Jbn[0, 2] Kn~[0, 0]  Un[0, 3]

                 2                    2
     + 2 Jn[0, 0]  Kn~[0, 0] Jbn[0, 2]  Ubn[0, 0]

                 2                              2
     + 2 Jn[0, 0]  Jbn[0, 2] Ubn[0, 3] Kn~[0, 0]

                 2
     + 4 Jn[0, 0]  Kn~[0, 0] Jbn[0, 2] Jbn[0, 4]

                 2                             2
     + 4 Jn[0, 0]  Jbn[0, 1] Va[0, 3] Kn~[0, 0]

                 2                             2
     - 4 Jn[0, 0]  Un[0, 3] Jbn[0, 3] Kn~[0, 0]

                 2                              2
     + 2 Jn[0, 0]  Ubn[0, 2] Jbn[0, 3] Kn~[0, 0]

                 2                             2
     - 2 Jn[0, 0]  Un[0, 0] Jbn[3, 3] Kn~[0, 0]

                 2                              2
     + 2 Jn[0, 0]  Ubn[0, 0] Jbn[2, 3] Kn~[0, 0]

                           2          2          3
     - 8 exp(-2 Bn[0, 0]) r  Ubn[0, 0]  Kn~[0, 0]  Jn[1, 2]

                                   5  4
     + 8 exp(-4 Bn[0, 0]) Kn~[0, 0]  r  Un[0, 0] Ubn[0, 1] Un[0, 1]

     - 2 Kn~[0, 0] Jn[0, 4] Jbn[0, 2]

               3
     - Jn[0, 0]  Ubn[0, 0] Jbn[0, 2] Jbn[0, 3]

                                    2
     - 8 Jn[0, 0] exp(-2 Bn[0, 0]) r  Un[0, 0] Jbn[0, 1] Kn~[0, 0] Kn~[0, 4]

                                    2                             3
     + 8 Jn[0, 0] exp(-2 Bn[0, 0]) r  Un[0, 0] Jbn[0, 1] Kn~[0, 0]  Kn~[0, 4]

               3                   2
     + Jn[0, 0]  Un[0, 0] Jbn[0, 3]

                                                        3
     - 8 exp(-2 Bn[0, 0]) r Un[0, 0] Ubn[0, 0] Kn~[0, 0]  Jn[0, 3]

                                                        2
     + 2 Jn[0, 0] Jn[0, 3] Ubn[0, 0] Jbn[0, 2] Kn~[0, 0]

                                                       2
     - 3 Jn[0, 0] Jn[0, 3] Un[0, 0] Jbn[0, 3] Kn~[0, 0]

                                   5  2
     + 4 exp(-2 Bn[0, 0]) Kn~[0, 0]  r  Jn[0, 1] Un[0, 3] Ubn[0, 0]

                           2                             5
     + 4 exp(-2 Bn[0, 0]) r  Un[0, 0] Jbn[0, 1] Kn~[0, 0]  Un[0, 2]

                           2         2
     - 2 exp(-2 Bn[0, 0]) r  Un[0, 0]  Jn[0, 1] Jbn[0, 3]

                            2                             3
     - 16 exp(-2 Bn[0, 0]) r  Ubn[0, 0] Jn[1, 4] Kn~[0, 0]

                                     4                        3
     - 4 Jbn[0, 0] Un[2, 2] Kn~[0, 0]  - 4 Jbn[0, 0] Kn~[0, 0]  Jn[2, 4]

                                     4                                 4
     - 8 Jn[0, 0] Ubn[0, 0] Kn~[0, 0]  + 8 Jn[0, 0] Ubn[2, 3] Kn~[0, 0]

                                    4                       3
     - 4 Jn[0, 0] Un[3, 3] Kn~[0, 0]  + 4 Jn[0, 0] Kn~[0, 0]  Jbn[2, 4]

                 2                    2             2          3
     - 4 Jn[0, 0]  Jbn[3, 4] Kn~[0, 0]  - 4 Jn[0, 0]  Kn~[0, 0]  Ubn[3, 3] + 4

                                         2                             3
    Jn[0, 0] Jbn[0, 2] exp(-2 Bn[0, 0]) r  Un[0, 0] Ubn[0, 0] Kn~[0, 0]

                                                       2
    Kn~[0, 1] - 4 Jn[0, 0] Jbn[0, 2] exp(-2 Bn[0, 0]) r  Un[0, 0] Ubn[0, 0]

                                                       2
    Kn~[0, 0] Kn~[0, 1] - 4 Jn[0, 0] exp(-2 Bn[0, 0]) r  Un[0, 0] Ubn[0, 0]

                                                                 2
    Jbn[0, 1] Kn~[0, 0] Kn~[0, 2] + 4 Jn[0, 0] exp(-2 Bn[0, 0]) r  Un[0, 0]

                                 3                                           2
    Ubn[0, 0] Jbn[0, 1] Kn~[0, 0]  Kn~[0, 2] - 2 Ubn[0, 0] Jn[2, 3] Kn~[0, 0]

                                     2                                2
     - 2 Ubn[0, 3] Jn[0, 2] Kn~[0, 0]  + 4 Un[0, 3] Jn[0, 3] Kn~[0, 0]

                                    2                                 2
     - 4 Jn[0, 1] Va[0, 3] Kn~[0, 0]  - 2 Jn[0, 3] Ubn[0, 2] Kn~[0, 0]

                           4                        4
     + 4 Un[0, 3] Kn~[0, 0]  Kn~[0, 2] - 8 Kn~[0, 0]  Ubn[0, 2] Kn~[0, 2] + 4

                                                           3  2
    Jbn[0, 1] Jbn[0, 0] Jn[0, 0] exp(-2 Bn[0, 0]) Kn~[0, 0]  r  Un[0, 0]

                                             2                   3
    Un[0, 2] - 4 Jbn[0, 0] exp(-2 Bn[0, 0]) r  Un[0, 1] Kn~[0, 0]  Un[0, 2]

                                     2                   3
     - 4 Jbn[0, 0] exp(-2 Bn[0, 0]) r  Un[0, 0] Kn~[0, 0]  Un[1, 2]

                                                        3
     - 8 Jbn[0, 0] exp(-2 Bn[0, 0]) r Un[0, 0] Kn~[0, 0]  Un[0, 2]

                                             3  2
     + 16 Jn[0, 0] exp(-2 Bn[0, 0]) Kn~[0, 0]  r  Ubn[0, 1] Bn[0, 4]

                                     2                    3
     - 12 Jn[0, 0] exp(-2 Bn[0, 0]) r  Ubn[0, 0] Kn~[0, 0]  Ubn[1, 2]

                                    2                    3
     - 8 Jn[0, 0] exp(-2 Bn[0, 0]) r  Ubn[0, 1] Kn~[0, 0]  Ubn[0, 2]

                                                                3
     + 16 Jn[0, 0] exp(-2 Bn[0, 0]) Va[0, 0] Ubn[0, 0] Kn~[0, 0]

                                                      4
     + 16 exp(-2 Bn[0, 0]) Va[0, 0] Un[0, 0] Kn~[0, 0]

                           2                   4
     - 8 exp(-2 Bn[0, 0]) r  Un[1, 4] Kn~[0, 0]

     + Un[0, 0] Kn~[0, 0] Jn[0, 2] Jbn[0, 3]

     + Kn~[0, 0] Jn[0, 3] Jbn[0, 2] Un[0, 0]

                                   3  4
     - 4 exp(-4 Bn[0, 0]) Kn~[0, 0]  r  Un[0, 0] Ubn[0, 1] Un[0, 1]

                                    2                                       2
     + 4 Jn[0, 0] exp(-2 Bn[0, 0]) r  Jn[0, 1] Ubn[0, 0] Ubn[0, 3] Kn~[0, 0]

                                    2                    3
     - 4 Jn[0, 0] exp(-2 Bn[0, 0]) r  Ubn[0, 1] Kn~[0, 0]  Un[0, 3]

                                            3  2                   2
     + 2 Jn[0, 0] exp(-2 Bn[0, 0]) Kn~[0, 0]  r  Jn[0, 1] Ubn[0, 0]  Jbn[0, 2]

                                            3  2
     + 8 Jn[0, 0] exp(-2 Bn[0, 0]) Kn~[0, 0]  r  Un[0, 0] Bn[0, 3] Ubn[0, 1]

                                            3  2
     + 8 Jn[0, 0] exp(-2 Bn[0, 0]) Kn~[0, 0]  r  Ubn[0, 0] Bn[0, 2] Ubn[0, 1]

                                    2                    3
     - 8 Jn[0, 0] exp(-2 Bn[0, 0]) r  Ubn[1, 4] Kn~[0, 0]

                                    2                                      4
     - 8 Jn[0, 0] exp(-2 Bn[0, 0]) r  Un[0, 0] Jbn[0, 1] Un[0, 3] Kn~[0, 0]

                                    2                                       4
     + 4 Jn[0, 0] exp(-2 Bn[0, 0]) r  Jn[0, 1] Ubn[0, 0] Ubn[0, 3] Kn~[0, 0]

                                              2
     + 2 Jn[0, 0] exp(-2 Bn[0, 0]) Kn~[0, 0] r  Jn[0, 1] Un[0, 0] Ubn[0, 0]

                                                       2
    Jbn[0, 3] - 2 Jn[0, 0] exp(-2 Bn[0, 0]) Kn~[0, 0] r  Jn[0, 1] Va[0, 0]

    Ubn[0, 0] Jbn[0, 1]

                                              2                   2
     + 2 Jn[0, 0] exp(-2 Bn[0, 0]) Kn~[0, 0] r  Jn[0, 1] Ubn[0, 0]  Jbn[0, 2]

                                            3  2
     + 4 Jn[0, 0] exp(-2 Bn[0, 0]) Kn~[0, 0]  r  Jn[0, 1] Ubn[0, 0] Jbn[0, 4]

                                            3  2                             2
     + 4 Jn[0, 0] exp(-2 Bn[0, 0]) Kn~[0, 0]  r  Jbn[0, 1] Jn[0, 2] Ubn[0, 0]

                  3
     - 4 Kn~[0, 0]  Un[0, 0] Kn~[0, 2] Kn~[0, 3]

                           2                             3
     - 4 exp(-2 Bn[0, 0]) r  Un[0, 1] Ubn[0, 0] Kn~[0, 0]  Kn~[0, 2]

                                              2         2
     - 4 Jn[0, 0] Jbn[0, 3] exp(-2 Bn[0, 0]) r  Un[0, 0]  Kn~[0, 0] Kn~[0, 1]

                                              2         2          3
     + 4 Jn[0, 0] Jbn[0, 3] exp(-2 Bn[0, 0]) r  Un[0, 0]  Kn~[0, 0]  Kn~[0, 1]

                           2                       3
     + 4 Jn[3, 4] Kn~[0, 0]  + 4 Jn[0, 4] Kn~[0, 0]  Kn~[0, 3]

                 2
     - 2 Jn[0, 0]  Kn~[0, 0] Jbn[0, 2] Un[0, 0] Jbn[0, 3]

                                   3  2
     - 4 exp(-2 Bn[0, 0]) Kn~[0, 0]  r  Jn[0, 1] Un[0, 0] Ubn[0, 3]

                                   3  2
     - 8 exp(-2 Bn[0, 0]) Kn~[0, 0]  r  Jn[0, 1] Ubn[0, 0] Ubn[0, 2]

                           2                                      3
     + 8 exp(-2 Bn[0, 0]) r  Va[0, 1] Ubn[0, 0] Jn[0, 1] Kn~[0, 0]

                                                                  3
     + 16 exp(-2 Bn[0, 0]) r Va[0, 0] Ubn[0, 0] Jn[0, 1] Kn~[0, 0]

                                                        3
     - 8 Jn[0, 0] exp(-2 Bn[0, 0]) r Ubn[0, 0] Kn~[0, 0]  Un[0, 3]

                                             3  2
     - 16 Jn[0, 0] exp(-2 Bn[0, 0]) Kn~[0, 0]  r  Ubn[0, 1] Bn[0, 1] Va[0, 0]

                                            3  2
     + 4 Jn[0, 0] exp(-2 Bn[0, 0]) Kn~[0, 0]  r  Jbn[0, 1] Un[0, 0] Jn[0, 3]

                                                                           3
    Ubn[0, 0] + 16 Jn[0, 0] exp(-2 Bn[0, 0]) r Va[0, 1] Ubn[0, 0] Kn~[0, 0]

                                                       3
     - 8 Jn[0, 0] exp(-2 Bn[0, 0]) r Un[0, 0] Kn~[0, 0]  Ubn[0, 3]

                                              2
     + 4 Jn[0, 0] exp(-2 Bn[0, 0]) Kn~[0, 0] r  Jn[0, 1] Ubn[0, 0] Jbn[0, 4]

                                                         3
     - 24 Jn[0, 0] exp(-2 Bn[0, 0]) r Ubn[0, 0] Kn~[0, 0]  Ubn[0, 2]

                                    4                                       4
     + 8 Jn[0, 0] exp(-4 Bn[0, 0]) r  Ubn[0, 0] Ubn[0, 1] Un[0, 1] Kn~[0, 0]

                                    2                                       4
     + 8 Jn[0, 0] exp(-2 Bn[0, 0]) r  Un[0, 2] Ubn[0, 0] Jbn[0, 1] Kn~[0, 0]

                                    4                   2          4
     + 4 Jn[0, 0] exp(-4 Bn[0, 0]) r  Un[0, 0] Ubn[0, 1]  Kn~[0, 0]

                                    2                                       4
     + 8 Jn[0, 0] exp(-2 Bn[0, 0]) r  Un[0, 0] Jbn[0, 1] Ubn[0, 2] Kn~[0, 0]

                                    2         2                    2
     - 4 Jn[0, 0] exp(-2 Bn[0, 0]) r  Un[0, 0]  Jbn[1, 3] Kn~[0, 0]

                                     2
     - 4 Jn[0, 0] Jbn[0, 4] Kn~[0, 0]  Kn~[0, 2]

     - 4 Jn[0, 4] Kn~[0, 0] Kn~[0, 3] + Jn[0, 0] Ubn[0, 0] Jn[0, 2] Jbn[0, 3]

                                            4  2
     + 4 Jn[0, 1] exp(-2 Bn[0, 0]) Kn~[0, 0]  r  Va[0, 0] Ubn[0, 0] Kn~[0, 1]

     - 2 Jn[0, 3] Un[0, 0] Kn~[0, 0] Kn~[0, 3]

                                    3
     + 2 Jn[0, 3] Un[0, 0] Kn~[0, 0]  Kn~[0, 3]

                                    4                                 4
     - 2 Un[0, 0] Jn[3, 3] Kn~[0, 0]  + 6 Ubn[0, 0] Jn[2, 3] Kn~[0, 0]

                                     4                                4
     + 6 Ubn[0, 3] Jn[0, 2] Kn~[0, 0]  - 4 Un[0, 3] Jn[0, 3] Kn~[0, 0]

                                    4                                 4
     - 4 Jn[0, 1] Va[0, 3] Kn~[0, 0]  + 6 Jn[0, 3] Ubn[0, 2] Kn~[0, 0]

                                     4                                 4
     - 8 Jbn[0, 2] Un[0, 2] Kn~[0, 0]  - 4 Un[0, 0] Jbn[2, 2] Kn~[0, 0]

                  4
     + 8 Kn~[0, 0]  Va[0, 2] Kn~[0, 1]

                                   5  4         2
     + 4 exp(-4 Bn[0, 0]) Kn~[0, 0]  r  Un[0, 1]  Ubn[0, 0]

                                            2  2
     - 4 Jn[0, 1] exp(-2 Bn[0, 0]) Kn~[0, 0]  r  Va[0, 0] Ubn[0, 0] Kn~[0, 1]

                                              2
     - 8 Jn[0, 2] Ubn[0, 0] Bn[0, 3] Kn~[0, 0]

                                               3
     - 16 exp(-2 Bn[0, 0]) r Un[0, 0] Kn~[0, 0]  Kn~[0, 4]

                           2                   3
     - 8 exp(-2 Bn[0, 0]) r  Un[0, 1] Kn~[0, 0]  Kn~[0, 4]

                                                        3
     - 8 exp(-2 Bn[0, 0]) r Un[0, 0] Ubn[0, 0] Kn~[0, 0]  Kn~[0, 2]

                           2                             3
     - 4 exp(-2 Bn[0, 0]) r  Un[0, 0] Ubn[0, 1] Kn~[0, 0]  Kn~[0, 2]

                   4                                          3
     + 16 Kn~[0, 0]  Un[0, 0] Bn[0, 2] Kn~[0, 3] - 4 Kn~[0, 0]  Un[2, 3]

                           5              5
     - 8 Un[0, 0] Kn~[0, 0]  - 4 Kn~[0, 0]  Ubn[2, 2]

                                   4  2          2
     - 4 exp(-2 Bn[0, 0]) Kn~[0, 0]  r  Ubn[0, 0]  Jn[0, 2] Kn~[0, 1]

                           2                            3
     - 4 exp(-2 Bn[0, 0]) r  Un[0, 0] Un[0, 3] Kn~[0, 0]  Kn~[0, 1]

                                     3
     + 16 Un[0, 0] Bn[0, 3] Kn~[0, 0]  Bn[0, 2]

                            3                                          3
     - 2 Ubn[0, 0] Kn~[0, 0]  Jn[0, 2] Jbn[0, 2] + 8 Va[1, 2] Kn~[0, 0]

                                     2
     - 4 Jn[0, 0] Jbn[0, 2] Kn~[0, 0]  Ubn[0, 0] Kn~[0, 2]

                  3
     + 8 Kn~[0, 0]  Kn~[0, 2] Kn~[0, 4]

                           2                             3
     - 8 exp(-2 Bn[0, 0]) r  Ubn[0, 1] Jn[0, 4] Kn~[0, 0]

                  4          2                   2
     + 8 Kn~[0, 0]  Kn~[0, 1]  exp(-2 Bn[0, 0]) r  Va[0, 0] Un[0, 0]

                                   2  2
     + 8 exp(-2 Bn[0, 0]) Kn~[0, 0]  r  Ubn[0, 0] Jn[0, 4] Kn~[0, 1]

                                   4  2
     - 4 exp(-2 Bn[0, 0]) Kn~[0, 0]  r  Un[0, 0] Ubn[0, 0] Jn[0, 3] Kn~[0, 1]

                                   4  2
     - 8 exp(-2 Bn[0, 0]) Kn~[0, 0]  r  Ubn[0, 0] Jn[0, 4] Kn~[0, 1]

                  2          2                   2
     - 8 Kn~[0, 0]  Kn~[0, 1]  exp(-2 Bn[0, 0]) r  Va[0, 0] Un[0, 0]

                  3                    2
     + 4 Kn~[0, 0]  Ubn[0, 0] Kn~[0, 2]

     - Jn[0, 3] Un[0, 0] Jn[0, 0] Jbn[0, 3]

                           2                             3
     - 4 exp(-2 Bn[0, 0]) r  Un[0, 0] Ubn[0, 1] Kn~[0, 0]  Jn[0, 3]

                           2                             4
     - 8 exp(-2 Bn[0, 0]) r  Un[0, 0] Ubn[0, 0] Kn~[0, 0]  Kn~[0, 1] Kn~[0, 2]

                           2                                      3
     - 4 exp(-2 Bn[0, 0]) r  Un[0, 1] Jn[0, 3] Ubn[0, 0] Kn~[0, 0]

                           2         2          4
     - 8 exp(-2 Bn[0, 0]) r  Un[0, 0]  Kn~[0, 0]  Kn~[0, 1] Kn~[0, 3]

                           2                            5
     + 8 exp(-2 Bn[0, 0]) r  Un[0, 0] Un[0, 3] Kn~[0, 0]  Kn~[0, 1]

                                   5  2
     + 4 exp(-2 Bn[0, 0]) Kn~[0, 0]  r  Jn[0, 1] Un[0, 0] Ubn[0, 3]

                                             4  2
     - 8 Jbn[0, 0] exp(-2 Bn[0, 0]) Kn~[0, 0]  r  Un[0, 0] Un[0, 2] Kn~[0, 1]

                  4
     + 4 Kn~[0, 0]  Un[0, 2] Kn~[0, 3]

                           2                             3
     - 4 exp(-2 Bn[0, 0]) r  Un[0, 0] Ubn[0, 2] Kn~[0, 0]  Kn~[0, 1]

                           2                             5
     - 8 exp(-2 Bn[0, 0]) r  Ubn[0, 0] Un[0, 2] Kn~[0, 0]  Kn~[0, 1]

                           2                             5
     - 8 exp(-2 Bn[0, 0]) r  Un[0, 0] Ubn[0, 2] Kn~[0, 0]  Kn~[0, 1] -

              3                   2                                        2
    4 Jn[0, 0]  exp(-2 Bn[0, 0]) r  Jbn[0, 1] Ubn[0, 0] Ubn[0, 3] Kn~[0, 0]

     -

              3                             2                    2
    2 Jn[0, 0]  exp(-2 Bn[0, 0]) Kn~[0, 0] r  Jbn[0, 1] Ubn[0, 0]  Jbn[0, 2]

                 3                             2          2
     + 2 Jn[0, 0]  exp(-2 Bn[0, 0]) Kn~[0, 0] r  Jbn[0, 1]  Va[0, 0] Ubn[0, 0]

                 3                             2
     - 4 Jn[0, 0]  exp(-2 Bn[0, 0]) Kn~[0, 0] r  Jbn[0, 1] Ubn[0, 0] Jbn[0, 4]

                 3                             2
     - 2 Jn[0, 0]  exp(-2 Bn[0, 0]) Kn~[0, 0] r  Jbn[0, 1] Un[0, 0] Ubn[0, 0]

                          2                   2                            2
    Jbn[0, 3] - 4 Jn[0, 0]  exp(-2 Bn[0, 0]) r  Va[0, 0] Un[0, 0] Jbn[0, 1]

                 2                   2         2
     + 4 Jn[0, 0]  exp(-2 Bn[0, 0]) r  Un[0, 0]  Jbn[0, 1] Jbn[0, 3]

                 2                           3  2
     - 4 Jn[0, 0]  exp(-2 Bn[0, 0]) Kn~[0, 0]  r  Jbn[0, 1] Un[0, 0] Ubn[0, 3]

     -

              2                   2         2                              2
    4 Jn[0, 0]  exp(-2 Bn[0, 0]) r  Un[0, 0]  Jbn[0, 1] Jbn[0, 3] Kn~[0, 0]

     +

              2                           3  2
    4 Jn[0, 0]  exp(-2 Bn[0, 0]) Kn~[0, 0]  r  Jbn[0, 1] Ubn[0, 0] Ubn[0, 2]

                 2                   2
     + 8 Jn[0, 0]  exp(-2 Bn[0, 0]) r  Un[0, 0] Jbn[0, 1] Jbn[0, 4]

                           2         2          2
     + 8 exp(-2 Bn[0, 0]) r  Un[0, 0]  Kn~[0, 0]  Kn~[0, 1] Kn~[0, 3]

                 2                   2
     + 4 Jn[0, 0]  exp(-2 Bn[0, 0]) r  Un[0, 0] Ubn[0, 0] Jbn[0, 1] Jbn[0, 2]

                   3
     - 16 Kn~[0, 0]  Bn[2, 4]

                            2                   4
     - 16 exp(-2 Bn[0, 0]) r  Un[0, 0] Kn~[0, 0]  Kn~[0, 1] Kn~[0, 4]

                           2
     + 2 Jn[0, 0] Kn~[0, 0]  Jbn[0, 2] Un[0, 0] Kn~[0, 3]

                 2                                       2
     + 8 Jn[0, 0]  Ubn[0, 0] Bn[0, 3] Jbn[0, 2] Kn~[0, 0]

                                              2                   3
     + 8 Jn[0, 0] Jbn[0, 4] exp(-2 Bn[0, 0]) r  Un[0, 0] Kn~[0, 0]  Kn~[0, 1]

                                              2
     - 8 Jn[0, 0] Jbn[0, 4] exp(-2 Bn[0, 0]) r  Un[0, 0] Kn~[0, 0] Kn~[0, 1]

                 2                           3  2
     - 4 Jn[0, 0]  exp(-2 Bn[0, 0]) Kn~[0, 0]  r  Jbn[0, 1] Ubn[0, 0] Un[0, 3]

                 2                   2
     - 4 Jn[0, 0]  exp(-2 Bn[0, 0]) r  Un[0, 0] Ubn[0, 0] Jbn[0, 1] Jbn[0, 2]

             2
    Kn~[0, 0]

                 2                   2                                       2
     - 8 Jn[0, 0]  exp(-2 Bn[0, 0]) r  Un[0, 0] Jbn[0, 1] Jbn[0, 4] Kn~[0, 0]

                 2                   2                            2          2
     + 4 Jn[0, 0]  exp(-2 Bn[0, 0]) r  Va[0, 0] Un[0, 0] Jbn[0, 1]  Kn~[0, 0]

                 2                           3  4                    2
     + 4 Jn[0, 0]  exp(-4 Bn[0, 0]) Kn~[0, 0]  r  Ubn[0, 0] Ubn[0, 1]

                                     2                            2
     - 8 Jbn[0, 0] exp(-2 Bn[0, 0]) r  Un[0, 0] Jn[1, 4] Kn~[0, 0]

                                     4                  2          4
     + 4 Jbn[0, 0] exp(-4 Bn[0, 0]) r  Un[0, 0] Un[0, 1]  Kn~[0, 0]

                                     2         2                   2
     - 4 Jbn[0, 0] exp(-2 Bn[0, 0]) r  Un[0, 0]  Jn[1, 3] Kn~[0, 0]

                                     2                                      2
     - 4 Jbn[0, 0] exp(-2 Bn[0, 0]) r  Un[0, 0] Ubn[0, 0] Jn[1, 2] Kn~[0, 0]

     - 2 Jn[0, 0] Jn[0, 3] Jbn[0, 4]

                           2                            3
     + 8 exp(-2 Bn[0, 0]) r  Va[0, 0] Un[0, 1] Kn~[0, 0]  Kn~[0, 1]

                           2
     - 4 exp(-2 Bn[0, 0]) r  Un[0, 0] Jn[0, 1] Jbn[0, 4]

                           2
     - 2 exp(-2 Bn[0, 0]) r  Un[0, 0] Ubn[0, 0] Jn[0, 2] Jbn[0, 1]

                                                        4
     - 16 exp(-2 Bn[0, 0]) r Un[0, 0] Un[0, 3] Kn~[0, 0]

                                                        4
     + 16 exp(-2 Bn[0, 0]) r Va[0, 1] Un[0, 0] Kn~[0, 0]

                                                         4
     - 16 exp(-2 Bn[0, 0]) r Ubn[0, 0] Un[0, 2] Kn~[0, 0]

                           2         2                             4
     + 2 exp(-2 Bn[0, 0]) r  Un[0, 0]  Jn[0, 1] Jbn[0, 3] Kn~[0, 0]

                            2                             4
     - 12 exp(-2 Bn[0, 0]) r  Ubn[0, 0] Un[1, 2] Kn~[0, 0]

                           2                             4
     - 4 exp(-2 Bn[0, 0]) r  Ubn[0, 1] Un[0, 2] Kn~[0, 0]

                           2                             2
     + 8 exp(-2 Bn[0, 0]) r  Un[0, 0] Ubn[0, 0] Kn~[0, 0]  Kn~[0, 1] Kn~[0, 2]

     + 2 Jn[0, 3] Ubn[0, 0] Kn~[0, 0] Kn~[0, 2]

                                     3
     + 2 Jbn[0, 0] Un[0, 0] Kn~[0, 0]  Jn[2, 3]

                                      3
     - 2 Jbn[0, 0] Ubn[0, 0] Kn~[0, 0]  Jn[2, 2]

                                    3
     + 4 Jn[0, 0] Un[0, 2] Kn~[0, 0]  Jbn[0, 3]

                                     3
     - 8 Jn[0, 0] Ubn[0, 3] Kn~[0, 0]  Jn[0, 3]

                                     3
     - 4 Jn[0, 0] Ubn[0, 0] Kn~[0, 0]  Jn[3, 3]

                           3
     - 8 Jn[0, 0] Kn~[0, 0]  Jbn[0, 1] Va[0, 2]

                                    3
     + 6 Jn[0, 0] Un[0, 0] Kn~[0, 0]  Jbn[2, 3]

                                     3
     - 2 Jn[0, 0] Ubn[0, 0] Kn~[0, 0]  Jbn[2, 2]

                                              2
     - 6 Jn[0, 0] Jn[0, 3] Jbn[0, 4] Kn~[0, 0]

                                    2                                      2
     + 4 Jn[0, 0] exp(-2 Bn[0, 0]) r  Va[0, 0] Un[0, 0] Jbn[1, 1] Kn~[0, 0]

                                    2                             2
     - 8 Jn[0, 0] exp(-2 Bn[0, 0]) r  Un[0, 0] Jbn[1, 4] Kn~[0, 0]

                                    2                   3
     - 8 Jn[0, 0] exp(-2 Bn[0, 0]) r  Un[0, 0] Kn~[0, 0]  Ubn[1, 3] - 6

                                       3  2
    Jn[0, 0] exp(-2 Bn[0, 0]) Kn~[0, 0]  r  Jn[0, 1] Va[0, 0] Ubn[0, 0]

                                                                           3
    Jbn[0, 1] + 32 Jn[0, 0] exp(-2 Bn[0, 0]) r Va[0, 0] Ubn[0, 1] Kn~[0, 0]

                                            3  2
     + 2 Jn[0, 0] exp(-2 Bn[0, 0]) Kn~[0, 0]  r  Jn[0, 1] Un[0, 0] Ubn[0, 0]

    Jbn[0, 3]

                                            3  2
     + 8 Jn[0, 0] exp(-2 Bn[0, 0]) Kn~[0, 0]  r  Jbn[0, 1] Ubn[0, 0] Jn[0, 4]

                                    2                             3
     + 8 Jn[0, 0] exp(-2 Bn[0, 0]) r  Va[0, 0] Ubn[1, 1] Kn~[0, 0]

                                    2                                       2
     - 4 Jn[0, 0] exp(-2 Bn[0, 0]) r  Un[0, 0] Ubn[0, 0] Jbn[1, 2] Kn~[0, 0]

                           2                                     4
     + 8 exp(-2 Bn[0, 0]) r  Un[0, 0] Bn[0, 3] Un[0, 1] Kn~[0, 0]

                           2                                      4
     + 4 exp(-2 Bn[0, 0]) r  Un[0, 0] Jn[0, 1] Jbn[0, 4] Kn~[0, 0]

                            2                                     4
     - 16 exp(-2 Bn[0, 0]) r  Un[0, 1] Bn[0, 1] Va[0, 0] Kn~[0, 0]

                           2                                               4
     - 4 exp(-2 Bn[0, 0]) r  Va[0, 0] Un[0, 0] Jn[0, 1] Jbn[0, 1] Kn~[0, 0]

                           2                            4
     + 8 exp(-2 Bn[0, 0]) r  Va[0, 0] Un[1, 1] Kn~[0, 0]

                           2                            4
     - 4 exp(-2 Bn[0, 0]) r  Un[0, 1] Un[0, 3] Kn~[0, 0]

                           2                                                4
     + 2 exp(-2 Bn[0, 0]) r  Un[0, 0] Ubn[0, 0] Jn[0, 1] Jbn[0, 2] Kn~[0, 0]

                           2
     - 2 exp(-2 Bn[0, 0]) r  Un[0, 0] Ubn[0, 0] Jn[0, 1] Jbn[0, 2]

                           2                                                4
     + 2 exp(-2 Bn[0, 0]) r  Un[0, 0] Ubn[0, 0] Jn[0, 2] Jbn[0, 1] Kn~[0, 0]

                           2         2                             4
     + 2 exp(-2 Bn[0, 0]) r  Un[0, 0]  Jn[0, 3] Jbn[0, 1] Kn~[0, 0]

                                                        4
     + 32 exp(-2 Bn[0, 0]) r Va[0, 0] Un[0, 1] Kn~[0, 0]

                                                         4
     - 16 exp(-2 Bn[0, 0]) r Un[0, 0] Ubn[0, 2] Kn~[0, 0]

                           2                                      4
     + 8 exp(-2 Bn[0, 0]) r  Ubn[0, 0] Bn[0, 2] Un[0, 1] Kn~[0, 0]

                            2                            4
     + 16 exp(-2 Bn[0, 0]) r  Un[0, 1] Bn[0, 4] Kn~[0, 0]

                           2                             3
     - 4 exp(-2 Bn[0, 0]) r  Un[0, 0] Jbn[0, 1] Kn~[0, 0]  Un[0, 2]

                                   2  2          2
     + 4 exp(-2 Bn[0, 0]) Kn~[0, 0]  r  Ubn[0, 0]  Jn[0, 2] Kn~[0, 1]

                                     2          3
     - 8 exp(-2 Bn[0, 0]) r Ubn[0, 0]  Kn~[0, 0]  Jn[0, 2]

                           2                                      4
     + 4 exp(-2 Bn[0, 0]) r  Un[0, 0] Jn[0, 4] Jbn[0, 1] Kn~[0, 0]

                           2                            4
     - 8 exp(-2 Bn[0, 0]) r  Un[0, 0] Un[1, 3] Kn~[0, 0]

                           2                             4
     - 8 exp(-2 Bn[0, 0]) r  Un[0, 1] Ubn[0, 2] Kn~[0, 0]

                           2                             4
     - 4 exp(-2 Bn[0, 0]) r  Un[0, 0] Ubn[1, 2] Kn~[0, 0]

                           2
     - 4 exp(-2 Bn[0, 0]) r  Un[0, 0] Jn[0, 4] Jbn[0, 1]

                                   3  2
     + 8 exp(-2 Bn[0, 0]) Kn~[0, 0]  r  Jn[0, 1] Va[0, 0] Ubn[0, 1]

                           2                              3
     - 8 exp(-2 Bn[0, 0]) r  Ubn[0, 0] Ubn[0, 1] Kn~[0, 0]  Jn[0, 2]

                            2                   2
     + 16 exp(-2 Bn[0, 0]) r  Un[0, 0] Kn~[0, 0]  Kn~[0, 1] Kn~[0, 4]

                                     3
     - 8 Jn[0, 0] Jbn[0, 3] Kn~[0, 0]  Un[0, 0] Bn[0, 2]

                                     2
     + 2 Jn[0, 0] Jbn[0, 3] Kn~[0, 0]  Un[0, 0] Kn~[0, 2]

                           2                            3
     + 8 exp(-2 Bn[0, 0]) r  Va[0, 1] Un[0, 0] Kn~[0, 0]  Kn~[0, 1]

                                    2          3
     - 8 exp(-2 Bn[0, 0]) r Un[0, 0]  Kn~[0, 0]  Kn~[0, 3]

                                     2                                     2
     + 4 Jbn[0, 0] exp(-2 Bn[0, 0]) r  Va[0, 0] Un[0, 0] Jn[1, 1] Kn~[0, 0]

                           2
     - 4 Jn[0, 0] Kn~[0, 0]  Jbn[0, 2] Kn~[0, 4] - 8 Jn[0, 0] Jbn[0, 1]

                      2                            3
    exp(-2 Bn[0, 0]) r  Va[0, 0] Un[0, 0] Kn~[0, 0]  Kn~[0, 1]

                           2                            3
     - 8 exp(-2 Bn[0, 0]) r  Un[0, 0] Un[0, 1] Kn~[0, 0]  Kn~[0, 3]

                                    2         2                    3
     + 4 Jn[0, 0] exp(-2 Bn[0, 0]) r  Un[0, 0]  Jbn[0, 1] Kn~[0, 0]  Kn~[0, 3]

                                    2         2
     - 4 Jn[0, 0] exp(-2 Bn[0, 0]) r  Un[0, 0]  Jbn[0, 1] Kn~[0, 0] Kn~[0, 3]

                         3
     + Un[0, 0] Kn~[0, 0]  Jn[0, 2] Jbn[0, 3] + 8 Jn[0, 0] Jbn[0, 1]

                      2
    exp(-2 Bn[0, 0]) r  Va[0, 0] Un[0, 0] Kn~[0, 0] Kn~[0, 1]

                                                         3    /          3
     - 16 exp(-2 Bn[0, 0]) r Ubn[0, 0] Jn[0, 4] Kn~[0, 0] )  /  Kn~[0, 0]
                                                            /

> writeto(`terminal`);
